Using pre-set license
Built from '2022.1/staging' branch; Version is '2022.1.4f1 (76dd1f94b339) revision 7789855'; Using compiler version '192829333'; Build Type 'Release'
OS: 'Windows 11  (10.0.22631) 64bit Professional' Language: 'en' Physical Memory: 32532 MB
BatchMode: 1, IsHumanControllingUs: 0, StartBugReporterOnCrash: 0, Is64bit: 1, IsPro: 1

COMMAND LINE ARGUMENTS:
C:\Program Files\Unity\Hub\Editor\2022.1.4f1\Editor\Unity.exe
-adb2
-batchMode
-noUpm
-name
AssetImportWorker7
-projectPath
C:/Users/ADMIN/Documents/GitHub/Lap-s-Project-for-semester-2--2nd-years-indie/MonstaTds
-logFile
Logs/AssetImportWorker7.log
-srvPort
54214
Successfully changed project path to: C:/Users/ADMIN/Documents/GitHub/Lap-s-Project-for-semester-2--2nd-years-indie/MonstaTds
C:/Users/ADMIN/Documents/GitHub/Lap-s-Project-for-semester-2--2nd-years-indie/MonstaTds
[UnityMemory] Configuration Parameters - Can be set up in boot.config
    "memorysetup-bucket-allocator-granularity=16"
    "memorysetup-bucket-allocator-bucket-count=8"
    "memorysetup-bucket-allocator-block-size=33554432"
    "memorysetup-bucket-allocator-block-count=8"
    "memorysetup-main-allocator-block-size=16777216"
    "memorysetup-thread-allocator-block-size=16777216"
    "memorysetup-gfx-main-allocator-block-size=16777216"
    "memorysetup-gfx-thread-allocator-block-size=16777216"
    "memorysetup-cache-allocator-block-size=4194304"
    "memorysetup-typetree-allocator-block-size=2097152"
    "memorysetup-profiler-bucket-allocator-granularity=16"
    "memorysetup-profiler-bucket-allocator-bucket-count=8"
    "memorysetup-profiler-bucket-allocator-block-size=33554432"
    "memorysetup-profiler-bucket-allocator-block-count=8"
    "memorysetup-profiler-allocator-block-size=16777216"
    "memorysetup-profiler-editor-allocator-block-size=1048576"
    "memorysetup-temp-allocator-size-main=16777216"
    "memorysetup-job-temp-allocator-block-size=2097152"
    "memorysetup-job-temp-allocator-block-size-background=1048576"
    "memorysetup-job-temp-allocator-reduction-small-platforms=262144"
    "memorysetup-temp-allocator-size-background-worker=32768"
    "memorysetup-temp-allocator-size-job-worker=262144"
    "memorysetup-temp-allocator-size-preload-manager=33554432"
    "memorysetup-temp-allocator-size-nav-mesh-worker=65536"
    "memorysetup-temp-allocator-size-audio-worker=65536"
    "memorysetup-temp-allocator-size-cloud-worker=32768"
    "memorysetup-temp-allocator-size-gi-baking-worker=262144"
    "memorysetup-temp-allocator-size-gfx=262144"
Refreshing native plugins compatible for Editor in 76.56 ms, found 3 plugins.
Preloading 0 native plugins for Editor in 0.00 ms.
Initialize engine version: 2022.1.4f1 (76dd1f94b339)
[Subsystems] Discovering subsystems at path C:/Program Files/Unity/Hub/Editor/2022.1.4f1/Editor/Data/Resources/UnitySubsystems
[Subsystems] Discovering subsystems at path C:/Users/ADMIN/Documents/GitHub/Lap-s-Project-for-semester-2--2nd-years-indie/MonstaTds/Assets
GfxDevice: creating device client; threaded=0; jobified=0
Direct3D:
    Version:  Direct3D 11.0 [level 11.1]
    Renderer: NVIDIA GeForce RTX 3060 (ID=0x2504)
    Vendor:   NVIDIA
    VRAM:     12115 MB
    Driver:   31.0.15.5244
Initialize mono
Mono path[0] = 'C:/Program Files/Unity/Hub/Editor/2022.1.4f1/Editor/Data/Managed'
Mono path[1] = 'C:/Program Files/Unity/Hub/Editor/2022.1.4f1/Editor/Data/MonoBleedingEdge/lib/mono/unityjit-win32'
Mono config path = 'C:/Program Files/Unity/Hub/Editor/2022.1.4f1/Editor/Data/MonoBleedingEdge/etc'
Using monoOptions --debugger-agent=transport=dt_socket,embedding=1,server=y,suspend=n,address=127.0.0.1:56768
Begin MonoManager ReloadAssembly
Registering precompiled unity dll's ...
Register platform support module: C:/Program Files/Unity/Hub/Editor/2022.1.4f1/Editor/Data/PlaybackEngines/AndroidPlayer/UnityEditor.Android.Extensions.dll
Register platform support module: C:/Program Files/Unity/Hub/Editor/2022.1.4f1/Editor/Data/PlaybackEngines/WindowsStandaloneSupport/UnityEditor.WindowsStandalone.Extensions.dll
Registered in 0.002654 seconds.
Native extension for WindowsStandalone target not found
Native extension for Android target not found
Refreshing native plugins compatible for Editor in 68.64 ms, found 3 plugins.
Preloading 0 native plugins for Editor in 0.00 ms.
Mono: successfully reloaded assembly
- Completed reload, in  0.427 seconds
Domain Reload Profiling:
	ReloadAssembly (427ms)
		BeginReloadAssembly (42ms)
			ExecutionOrderSort (0ms)
			DisableScriptedObjects (0ms)
			BackupInstance (0ms)
			ReleaseScriptingObjects (0ms)
			CreateAndSetChildDomain (0ms)
		EndReloadAssembly (323ms)
			LoadAssemblies (41ms)
			RebuildTransferFunctionScriptingTraits (0ms)
			SetupTypeCache (68ms)
				TypeCache.Initialize (67ms)
					TypeCache.ScanAssembly (67ms)
				ResolveRequiredComponents (0ms)
			ReleaseScriptCaches (0ms)
			RebuildScriptCaches (16ms)
			SetupLoadedEditorAssemblies (205ms)
				LogAssemblyErrors (0ms)
				InitializePlatformSupportModulesInManaged (37ms)
				SetLoadedEditorAssemblies (6ms)
				RefreshPlugins (69ms)
				BeforeProcessingInitializeOnLoad (2ms)
				ProcessInitializeOnLoadAttributes (63ms)
				ProcessInitializeOnLoadMethodAttributes (28ms)
				AfterProcessingInitializeOnLoad (0ms)
				EditorAssembliesLoaded (0ms)
			ExecutionOrderSort2 (0ms)
			AwakeInstancesAfterBackupRestoration (0ms)
Platform modules already initialized, skipping
Registering precompiled user dll's ...
Registered in 0.002572 seconds.
Begin MonoManager ReloadAssembly
Symbol file LoadedFromMemory doesn't match image C:\Users\ADMIN\Documents\GitHub\Lap-s-Project-for-semester-2--2nd-years-indie\MonstaTds\Library\PackageCache\com.unity.visualscripting@1.7.8\Editor\VisualScripting.Core\Dependencies\DotNetZip\Unity.VisualScripting.IonicZip.dll
Symbol file LoadedFromMemory doesn't match image C:\Users\ADMIN\Documents\GitHub\Lap-s-Project-for-semester-2--2nd-years-indie\MonstaTds\Library\PackageCache\com.unity.visualscripting@1.7.8\Editor\VisualScripting.Core\Dependencies\YamlDotNet\Unity.VisualScripting.YamlDotNet.dll
Native extension for WindowsStandalone target not found
Native extension for Android target not found
Refreshing native plugins compatible for Editor in 66.65 ms, found 3 plugins.
Preloading 0 native plugins for Editor in 0.00 ms.
Mono: successfully reloaded assembly
Package Manager log level set to [2]
[Package Manager] Server::EnsureServerProcessIsRunning -- launch failed, reason: Unity was launched with the -noUpm command-line argument
[Package Manager] UpmClient::Send -- Unable to send message (not connected to UPM process).
[Package Manager] Cannot connect to Unity Package Manager local server
[Package Manager] Server::EnsureServerProcessIsRunning -- launch failed, reason: Unity was launched with the -noUpm command-line argument
[Package Manager] UpmClient::Send -- Unable to send message (not connected to UPM process).
[Package Manager] Cannot connect to Unity Package Manager local server
- Completed reload, in  0.859 seconds
Domain Reload Profiling:
	ReloadAssembly (859ms)
		BeginReloadAssembly (187ms)
			ExecutionOrderSort (0ms)
			DisableScriptedObjects (3ms)
			BackupInstance (0ms)
			ReleaseScriptingObjects (0ms)
			CreateAndSetChildDomain (126ms)
		EndReloadAssembly (602ms)
			LoadAssemblies (53ms)
			RebuildTransferFunctionScriptingTraits (0ms)
			SetupTypeCache (147ms)
				TypeCache.Initialize (145ms)
					TypeCache.ScanAssembly (141ms)
				ResolveRequiredComponents (3ms)
			ReleaseScriptCaches (1ms)
			RebuildScriptCaches (36ms)
			SetupLoadedEditorAssemblies (332ms)
				LogAssemblyErrors (0ms)
				InitializePlatformSupportModulesInManaged (9ms)
				SetLoadedEditorAssemblies (5ms)
				RefreshPlugins (67ms)
				BeforeProcessingInitializeOnLoad (53ms)
				ProcessInitializeOnLoadAttributes (181ms)
				ProcessInitializeOnLoadMethodAttributes (14ms)
				AfterProcessingInitializeOnLoad (3ms)
				EditorAssembliesLoaded (0ms)
			ExecutionOrderSort2 (0ms)
			AwakeInstancesAfterBackupRestoration (4ms)
Platform modules already initialized, skipping
========================================================================
Worker process is ready to serve import requests
Launched and connected shader compiler UnityShaderCompiler.exe after 0.03 seconds
Refreshing native plugins compatible for Editor in 0.66 ms, found 3 plugins.
Preloading 0 native plugins for Editor in 0.00 ms.
Unloading 3984 Unused Serialized files (Serialized files now loaded: 0)
Unloading 58 unused Assets / (60.8 KB). Loaded Objects now: 4425.
Memory consumption went from 0.60 GB to 0.60 GB.
Total: 2.439500 ms (FindLiveObjects: 0.157000 ms CreateObjectMapping: 0.051900 ms MarkObjects: 2.137200 ms  DeleteObjects: 0.092100 ms)

AssetImportParameters requested are different than current active one (requested -> active):
  custom:video-decoder-ogg-theora: a1e56fd34408186e4bbccfd4996cb3dc -> 
  custom:container-muxer-webm: aa71ff27fc2769a1b78a27578f13a17b -> 
  custom:container-demuxer-webm: 4f35f7cbe854078d1ac9338744f61a02 -> 
  custom:video-encoder-webm-vp8: eb34c28f22e8b96e1ab97ce403110664 -> 
  custom:video-codec-MediaFoundation-h265: 746d11721c4dcdbdad8f713fa42b33f4 -> 
  custom:audio-encoder-webm-vorbis: bf7c407c2cedff20999df2af8eb42d56 -> 
  custom:framework-win-MediaFoundation: 216162199b28c13a410421893ffa2e32 -> 
  custom:container-demuxer-ogg: 62fdf1f143b41e24485cea50d1cbac27 -> 
  custom:video-decoder-webm-vp8: 9c59270c3fd7afecdb556c50c9e8de78 -> 
  custom:audio-decoder-ogg-vorbis: bf7c407c2cedff20999df2af8eb42d56 -> 
========================================================================
Received Import Request.
  Time since last request: 19236.266115 seconds.
  path: Assets/Assets/EFFECTs/Polygon Arsenal/Prefabs/Environment/Liquid/Fountain/AcidFountain.prefab
  artifactKey: Guid(88aeb9ba8c772f7458df84b90793f499) Importer(815301076,1909f56bfc062723c751e8b465ee728b)
Start importing Assets/Assets/EFFECTs/Polygon Arsenal/Prefabs/Environment/Liquid/Fountain/AcidFountain.prefab using Guid(88aeb9ba8c772f7458df84b90793f499) Importer(815301076,1909f56bfc062723c751e8b465ee728b)  -> (artifact id: 'd9f83cb15658ef93790c9af60b4d5512') in 0.094975 seconds 
========================================================================
Received Import Request.
  Time since last request: 0.000022 seconds.
  path: Assets/Assets/EFFECTs/Polygon Arsenal/Prefabs/Environment/Bubbles/Surface/BubblesSurfaceLava.prefab
  artifactKey: Guid(d2c879185db1c7f478ab03620635a3cc) Importer(815301076,1909f56bfc062723c751e8b465ee728b)
Start importing Assets/Assets/EFFECTs/Polygon Arsenal/Prefabs/Environment/Bubbles/Surface/BubblesSurfaceLava.prefab using Guid(d2c879185db1c7f478ab03620635a3cc) Importer(815301076,1909f56bfc062723c751e8b465ee728b)  -> (artifact id: 'b54902d6bcaae6b38700e5d3d3d89364') in 0.175960 seconds 
========================================================================
Received Import Request.
  Time since last request: 0.000021 seconds.
  path: Assets/Assets/EFFECTs/JMO Assets/Cartoon FX (legacy)/Materials/Animated/CFX2_Anim_Bat Multiply.mat
  artifactKey: Guid(653d8478f72eda9478f558c843ccb9f7) Importer(815301076,1909f56bfc062723c751e8b465ee728b)
Start importing Assets/Assets/EFFECTs/JMO Assets/Cartoon FX (legacy)/Materials/Animated/CFX2_Anim_Bat Multiply.mat using Guid(653d8478f72eda9478f558c843ccb9f7) Importer(815301076,1909f56bfc062723c751e8b465ee728b)  -> (artifact id: 'ff241367382fdbd85b6bae59f455f3e3') in 0.086870 seconds 
========================================================================
Received Import Request.
  Time since last request: 0.000027 seconds.
  path: Assets/Assets/EFFECTs/JMO Assets/Cartoon FX (legacy)/Demo/UI Canvas/CFX Demo Btn Camera H.png
  artifactKey: Guid(90cdb91b8028d984b9adf63a23402f86) Importer(815301076,1909f56bfc062723c751e8b465ee728b)
Start importing Assets/Assets/EFFECTs/JMO Assets/Cartoon FX (legacy)/Demo/UI Canvas/CFX Demo Btn Camera H.png using Guid(90cdb91b8028d984b9adf63a23402f86) Importer(815301076,1909f56bfc062723c751e8b465ee728b)  -> (artifact id: 'ed2249291f44e165436335bbce6c6839') in 0.062055 seconds 
========================================================================
Received Import Request.
  Time since last request: 0.000018 seconds.
  path: Assets/Assets/EFFECTs/JMO Assets/Cartoon FX (legacy)/Demo/UI Canvas/CFX Demo Btn Arrow.png
  artifactKey: Guid(6ca93523b0317c242b05932fedb07cb3) Importer(815301076,1909f56bfc062723c751e8b465ee728b)
Start importing Assets/Assets/EFFECTs/JMO Assets/Cartoon FX (legacy)/Demo/UI Canvas/CFX Demo Btn Arrow.png using Guid(6ca93523b0317c242b05932fedb07cb3) Importer(815301076,1909f56bfc062723c751e8b465ee728b)  -> (artifact id: '004bfa0aff9ad8e307925a162e923b1a') in 0.014615 seconds 
========================================================================
Received Import Request.
  Time since last request: 0.000025 seconds.
  path: Assets/Assets/EFFECTs/Polygon Arsenal/Prefabs/Combat/Buff/BuffBlue.prefab
  artifactKey: Guid(8320d22560bc7a74aa99e09a94027e26) Importer(815301076,1909f56bfc062723c751e8b465ee728b)
Start importing Assets/Assets/EFFECTs/Polygon Arsenal/Prefabs/Combat/Buff/BuffBlue.prefab using Guid(8320d22560bc7a74aa99e09a94027e26) Importer(815301076,1909f56bfc062723c751e8b465ee728b)  -> (artifact id: 'e893f4f0a889b154b98a5a668d5fe1b8') in 0.015692 seconds 
========================================================================
Received Import Request.
  Time since last request: 0.000021 seconds.
  path: Assets/Assets/EFFECTs/JMO Assets/Cartoon FX (legacy)/Demo/UI Canvas/CFX Demo Btn SlowMo.png
  artifactKey: Guid(5ec8fc5d939ea2244985ca77a114c9d0) Importer(815301076,1909f56bfc062723c751e8b465ee728b)
Start importing Assets/Assets/EFFECTs/JMO Assets/Cartoon FX (legacy)/Demo/UI Canvas/CFX Demo Btn SlowMo.png using Guid(5ec8fc5d939ea2244985ca77a114c9d0) Importer(815301076,1909f56bfc062723c751e8b465ee728b)  -> (artifact id: '16aaf9108dc183249c70eb2fc9039f4c') in 0.012490 seconds 
========================================================================
Received Import Request.
  Time since last request: 0.000021 seconds.
  path: Assets/Assets/EFFECTs/JMO Assets/Cartoon FX (legacy)/Demo/UI Canvas/CFX Demo Btn Ground.png
  artifactKey: Guid(a2bcf923df54ffa4ba7e795955c5dc22) Importer(815301076,1909f56bfc062723c751e8b465ee728b)
Start importing Assets/Assets/EFFECTs/JMO Assets/Cartoon FX (legacy)/Demo/UI Canvas/CFX Demo Btn Ground.png using Guid(a2bcf923df54ffa4ba7e795955c5dc22) Importer(815301076,1909f56bfc062723c751e8b465ee728b)  -> (artifact id: 'c9a319c516441ce4b3a9dc9b9a285bf1') in 0.013013 seconds 
========================================================================
Received Import Request.
  Time since last request: 0.000022 seconds.
  path: Assets/Adaptive Performance/AdaptivePerformanceGeneralSettings.asset
  artifactKey: Guid(7ccebe3227715034e86fcfdc9d0f1d72) Importer(815301076,1909f56bfc062723c751e8b465ee728b)
Start importing Assets/Adaptive Performance/AdaptivePerformanceGeneralSettings.asset using Guid(7ccebe3227715034e86fcfdc9d0f1d72) Importer(815301076,1909f56bfc062723c751e8b465ee728b)  -> (artifact id: '3b242ed009741ac59626ca869fed4f93') in 0.015006 seconds 
========================================================================
Received Import Request.
  Time since last request: 0.000015 seconds.
  path: Assets/Assets/EFFECTs/JMO Assets/Cartoon FX (legacy)/Demo/UI Canvas/CFX1 Demo Logo.png
  artifactKey: Guid(f7c98b268308d794b8148d0c2914372d) Importer(815301076,1909f56bfc062723c751e8b465ee728b)
Start importing Assets/Assets/EFFECTs/JMO Assets/Cartoon FX (legacy)/Demo/UI Canvas/CFX1 Demo Logo.png using Guid(f7c98b268308d794b8148d0c2914372d) Importer(815301076,1909f56bfc062723c751e8b465ee728b)  -> (artifact id: 'a0539df9ab8b04e6871613813729e518') in 0.015307 seconds 
========================================================================
Received Import Request.
  Time since last request: 0.000031 seconds.
  path: Assets/Assets/EFFECTs/Polygon Arsenal/Prefabs/Combat/Buff/BuffPurple.prefab
  artifactKey: Guid(b6c058b4a5b723745b0113df4459d6a1) Importer(815301076,1909f56bfc062723c751e8b465ee728b)
Start importing Assets/Assets/EFFECTs/Polygon Arsenal/Prefabs/Combat/Buff/BuffPurple.prefab using Guid(b6c058b4a5b723745b0113df4459d6a1) Importer(815301076,1909f56bfc062723c751e8b465ee728b)  -> (artifact id: '6137517318358a79897c9e795e30a333') in 0.013736 seconds 
========================================================================
Received Import Request.
  Time since last request: 0.000020 seconds.
  path: Assets/Assets/EFFECTs/Polygon Arsenal/Prefabs/Combat/Buff/BuffRed.prefab
  artifactKey: Guid(00f33c39964fa154b9b082dc73e7eca2) Importer(815301076,1909f56bfc062723c751e8b465ee728b)
Start importing Assets/Assets/EFFECTs/Polygon Arsenal/Prefabs/Combat/Buff/BuffRed.prefab using Guid(00f33c39964fa154b9b082dc73e7eca2) Importer(815301076,1909f56bfc062723c751e8b465ee728b)  -> (artifact id: '0e129671c13e26bc13babf38db04bef9') in 0.013884 seconds 
========================================================================
Received Import Request.
  Time since last request: 0.000015 seconds.
  path: Assets/Assets/EFFECTs/Polygon Arsenal/Prefabs/Combat/Buff/BuffPink.prefab
  artifactKey: Guid(c5be4d9f501736c4e8d32553f4a316b6) Importer(815301076,1909f56bfc062723c751e8b465ee728b)
Start importing Assets/Assets/EFFECTs/Polygon Arsenal/Prefabs/Combat/Buff/BuffPink.prefab using Guid(c5be4d9f501736c4e8d32553f4a316b6) Importer(815301076,1909f56bfc062723c751e8b465ee728b)  -> (artifact id: 'cb7f187fde53b0891f19b8997cda1c98') in 0.014231 seconds 
========================================================================
Received Import Request.
  Time since last request: 0.000020 seconds.
  path: Assets/Assets/EFFECTs/Polygon Arsenal/Prefabs/Environment/Bubbles/Surface/BubblesSurfaceAcid.prefab
  artifactKey: Guid(e94da34902eb07248b46b001810f3088) Importer(815301076,1909f56bfc062723c751e8b465ee728b)
Start importing Assets/Assets/EFFECTs/Polygon Arsenal/Prefabs/Environment/Bubbles/Surface/BubblesSurfaceAcid.prefab using Guid(e94da34902eb07248b46b001810f3088) Importer(815301076,1909f56bfc062723c751e8b465ee728b)  -> (artifact id: 'be2af19ee05d6e92042148b4623defae') in 0.014686 seconds 
========================================================================
Received Import Request.
  Time since last request: 0.000016 seconds.
  path: Assets/Assets/EFFECTs/JMO Assets/Cartoon FX (legacy)/Demo/UI Canvas/CFX Demo Btn SlowMo H.png
  artifactKey: Guid(48624f05b683e4a4ab1a142e40fd6971) Importer(815301076,1909f56bfc062723c751e8b465ee728b)
Start importing Assets/Assets/EFFECTs/JMO Assets/Cartoon FX (legacy)/Demo/UI Canvas/CFX Demo Btn SlowMo H.png using Guid(48624f05b683e4a4ab1a142e40fd6971) Importer(815301076,1909f56bfc062723c751e8b465ee728b)  -> (artifact id: '4e4b183aeb24196cc1ba82895abdec35') in 0.014483 seconds 
========================================================================
Received Import Request.
  Time since last request: 0.000016 seconds.
  path: Assets/Assets/EFFECTs/Polygon Arsenal/Prefabs/Combat/Necromancy/BoneField/BoneFieldDirectional.prefab
  artifactKey: Guid(9c40b1cbde811e5418fd99d42836f075) Importer(815301076,1909f56bfc062723c751e8b465ee728b)
Start importing Assets/Assets/EFFECTs/Polygon Arsenal/Prefabs/Combat/Necromancy/BoneField/BoneFieldDirectional.prefab using Guid(9c40b1cbde811e5418fd99d42836f075) Importer(815301076,1909f56bfc062723c751e8b465ee728b)  -> (artifact id: '4bec223ac17b11377e3dd1ad7c7f109f') in 3.352744 seconds 
========================================================================
Received Import Request.
  Time since last request: 0.000028 seconds.
  path: Assets/Assets/EFFECTs/Polygon Arsenal/Prefabs/Environment/Bubbles/Surface/BubblesSurfaceLavaAlt.prefab
  artifactKey: Guid(153c2a2b0ee28de41954fed33a8840a2) Importer(815301076,1909f56bfc062723c751e8b465ee728b)
Start importing Assets/Assets/EFFECTs/Polygon Arsenal/Prefabs/Environment/Bubbles/Surface/BubblesSurfaceLavaAlt.prefab using Guid(153c2a2b0ee28de41954fed33a8840a2) Importer(815301076,1909f56bfc062723c751e8b465ee728b)  -> (artifact id: 'e419efd62bbb545a0e961b4a4afa8ab4') in 0.240344 seconds 
========================================================================
Received Import Request.
  Time since last request: 0.000068 seconds.
  path: Assets/Assets/EFFECTs/Polygon Arsenal/Prefabs/Combat/Curses & Debuffs/Debuffs/BlindDebuff.prefab
  artifactKey: Guid(1eaa54098a9db9142b0b2ad655b02f49) Importer(815301076,1909f56bfc062723c751e8b465ee728b)
Start importing Assets/Assets/EFFECTs/Polygon Arsenal/Prefabs/Combat/Curses & Debuffs/Debuffs/BlindDebuff.prefab using Guid(1eaa54098a9db9142b0b2ad655b02f49) Importer(815301076,1909f56bfc062723c751e8b465ee728b)  -> (artifact id: '859840eb98437dcc0175f95009e937a1') in 0.048183 seconds 
========================================================================
Received Import Request.
  Time since last request: 0.000020 seconds.
  path: Assets/Assets/EFFECTs/Polygon Arsenal/Prefabs/Interactive/Treasure/Fountain/Dollar/DollarFountain.prefab
  artifactKey: Guid(44eaca9056f363d4998617f40afb621a) Importer(815301076,1909f56bfc062723c751e8b465ee728b)
Start importing Assets/Assets/EFFECTs/Polygon Arsenal/Prefabs/Interactive/Treasure/Fountain/Dollar/DollarFountain.prefab using Guid(44eaca9056f363d4998617f40afb621a) Importer(815301076,1909f56bfc062723c751e8b465ee728b)  -> (artifact id: 'f671f453a2773a0ae43c2b133caeef71') in 3.598155 seconds 
========================================================================
Received Import Request.
  Time since last request: 105.571262 seconds.
  path: Assets/UI pack/Circles/Circle blue full.png
  artifactKey: Guid(e019cd8c6a958a74bb226a0fd85030d6) Importer(815301076,1909f56bfc062723c751e8b465ee728b)
Start importing Assets/UI pack/Circles/Circle blue full.png using Guid(e019cd8c6a958a74bb226a0fd85030d6) Importer(815301076,1909f56bfc062723c751e8b465ee728b)  -> (artifact id: '993f8bdbcfe48b4ad06cb112456a2a09') in 0.028890 seconds 
========================================================================
Received Import Request.
  Time since last request: 0.000026 seconds.
  path: Assets/UI pack/Circles/Gradient circle.png
  artifactKey: Guid(7e47ad0249396044b852122a53251bb8) Importer(815301076,1909f56bfc062723c751e8b465ee728b)
Start importing Assets/UI pack/Circles/Gradient circle.png using Guid(7e47ad0249396044b852122a53251bb8) Importer(815301076,1909f56bfc062723c751e8b465ee728b)  -> (artifact id: 'eb3367357e7192286d51dab3055f3805') in 0.024025 seconds 
========================================================================
Received Import Request.
  Time since last request: 0.000029 seconds.
  path: Assets/UI pack/Circles/Circle red full.png
  artifactKey: Guid(64f5428e485e0204db94d129eab4847f) Importer(815301076,1909f56bfc062723c751e8b465ee728b)
Start importing Assets/UI pack/Circles/Circle red full.png using Guid(64f5428e485e0204db94d129eab4847f) Importer(815301076,1909f56bfc062723c751e8b465ee728b)  -> (artifact id: 'e9495ad4ce2e98d5e180f71fa2f24c8a') in 0.022374 seconds 
========================================================================
Received Import Request.
  Time since last request: 0.722437 seconds.
  path: Assets/UI pack/Button/Blue outline gradient.png
  artifactKey: Guid(7179ab86b28b8184e8b74e3a0b7fa821) Importer(815301076,1909f56bfc062723c751e8b465ee728b)
Start importing Assets/UI pack/Button/Blue outline gradient.png using Guid(7179ab86b28b8184e8b74e3a0b7fa821) Importer(815301076,1909f56bfc062723c751e8b465ee728b)  -> (artifact id: '52006d11ea230b18bb06113661356ef9') in 0.020791 seconds 
========================================================================
Received Import Request.
  Time since last request: 0.000041 seconds.
  path: Assets/UI pack/Button/Green outline gradient.png
  artifactKey: Guid(f9f25bb6be8733f4894d60fe54097b1d) Importer(815301076,1909f56bfc062723c751e8b465ee728b)
Start importing Assets/UI pack/Button/Green outline gradient.png using Guid(f9f25bb6be8733f4894d60fe54097b1d) Importer(815301076,1909f56bfc062723c751e8b465ee728b)  -> (artifact id: 'f52e8c11355f56ea2e7f16dc8c5ded80') in 0.023137 seconds 
========================================================================
Received Import Request.
  Time since last request: 0.000028 seconds.
  path: Assets/UI pack/Button/Green gradient.png
  artifactKey: Guid(040be0e474e09894ca320b08d9462cc8) Importer(815301076,1909f56bfc062723c751e8b465ee728b)
Start importing Assets/UI pack/Button/Green gradient.png using Guid(040be0e474e09894ca320b08d9462cc8) Importer(815301076,1909f56bfc062723c751e8b465ee728b)  -> (artifact id: '3c48db94125d33502533576826ed440a') in 0.022332 seconds 
========================================================================
Received Import Request.
  Time since last request: 0.000020 seconds.
  path: Assets/UI pack/Button/Red outline gradient.png
  artifactKey: Guid(d856e7dd0e8555f4fb29db6352b3a822) Importer(815301076,1909f56bfc062723c751e8b465ee728b)
Start importing Assets/UI pack/Button/Red outline gradient.png using Guid(d856e7dd0e8555f4fb29db6352b3a822) Importer(815301076,1909f56bfc062723c751e8b465ee728b)  -> (artifact id: 'f316042996f60d62d7cc89432188c24e') in 0.023184 seconds 
Editor requested this worker to shutdown with reason: Scaling down because of idle timeout
AssetImportWorker is now disconnected from the server
Process exiting
Exiting without the bug reporter. Application will terminate with return code 0