Using pre-set license
Built from '2022.1/staging' branch; Version is '2022.1.4f1 (76dd1f94b339) revision 7789855'; Using compiler version '192829333'; Build Type 'Release'
OS: 'Windows 11  (10.0.22631) 64bit Professional' Language: 'en' Physical Memory: 32532 MB
BatchMode: 1, IsHumanControllingUs: 0, StartBugReporterOnCrash: 0, Is64bit: 1, IsPro: 1

COMMAND LINE ARGUMENTS:
C:\Program Files\Unity\Hub\Editor\2022.1.4f1\Editor\Unity.exe
-adb2
-batchMode
-noUpm
-name
AssetImportWorker12
-projectPath
C:/Users/ADMIN/Documents/GitHub/Lap-s-Project-for-semester-2--2nd-years-indie/MonstaTds
-logFile
Logs/AssetImportWorker12.log
-srvPort
54214
Successfully changed project path to: C:/Users/ADMIN/Documents/GitHub/Lap-s-Project-for-semester-2--2nd-years-indie/MonstaTds
C:/Users/ADMIN/Documents/GitHub/Lap-s-Project-for-semester-2--2nd-years-indie/MonstaTds
[UnityMemory] Configuration Parameters - Can be set up in boot.config
    "memorysetup-bucket-allocator-granularity=16"
    "memorysetup-bucket-allocator-bucket-count=8"
    "memorysetup-bucket-allocator-block-size=33554432"
    "memorysetup-bucket-allocator-block-count=8"
    "memorysetup-main-allocator-block-size=16777216"
    "memorysetup-thread-allocator-block-size=16777216"
    "memorysetup-gfx-main-allocator-block-size=16777216"
    "memorysetup-gfx-thread-allocator-block-size=16777216"
    "memorysetup-cache-allocator-block-size=4194304"
    "memorysetup-typetree-allocator-block-size=2097152"
    "memorysetup-profiler-bucket-allocator-granularity=16"
    "memorysetup-profiler-bucket-allocator-bucket-count=8"
    "memorysetup-profiler-bucket-allocator-block-size=33554432"
    "memorysetup-profiler-bucket-allocator-block-count=8"
    "memorysetup-profiler-allocator-block-size=16777216"
    "memorysetup-profiler-editor-allocator-block-size=1048576"
    "memorysetup-temp-allocator-size-main=16777216"
    "memorysetup-job-temp-allocator-block-size=2097152"
    "memorysetup-job-temp-allocator-block-size-background=1048576"
    "memorysetup-job-temp-allocator-reduction-small-platforms=262144"
    "memorysetup-temp-allocator-size-background-worker=32768"
    "memorysetup-temp-allocator-size-job-worker=262144"
    "memorysetup-temp-allocator-size-preload-manager=33554432"
    "memorysetup-temp-allocator-size-nav-mesh-worker=65536"
    "memorysetup-temp-allocator-size-audio-worker=65536"
    "memorysetup-temp-allocator-size-cloud-worker=32768"
    "memorysetup-temp-allocator-size-gi-baking-worker=262144"
    "memorysetup-temp-allocator-size-gfx=262144"
Refreshing native plugins compatible for Editor in 80.04 ms, found 3 plugins.
Preloading 0 native plugins for Editor in 0.00 ms.
Initialize engine version: 2022.1.4f1 (76dd1f94b339)
[Subsystems] Discovering subsystems at path C:/Program Files/Unity/Hub/Editor/2022.1.4f1/Editor/Data/Resources/UnitySubsystems
[Subsystems] Discovering subsystems at path C:/Users/ADMIN/Documents/GitHub/Lap-s-Project-for-semester-2--2nd-years-indie/MonstaTds/Assets
GfxDevice: creating device client; threaded=0; jobified=0
Direct3D:
    Version:  Direct3D 11.0 [level 11.1]
    Renderer: NVIDIA GeForce RTX 3060 (ID=0x2504)
    Vendor:   NVIDIA
    VRAM:     12115 MB
    Driver:   31.0.15.5244
Initialize mono
Mono path[0] = 'C:/Program Files/Unity/Hub/Editor/2022.1.4f1/Editor/Data/Managed'
Mono path[1] = 'C:/Program Files/Unity/Hub/Editor/2022.1.4f1/Editor/Data/MonoBleedingEdge/lib/mono/unityjit-win32'
Mono config path = 'C:/Program Files/Unity/Hub/Editor/2022.1.4f1/Editor/Data/MonoBleedingEdge/etc'
Using monoOptions --debugger-agent=transport=dt_socket,embedding=1,server=y,suspend=n,address=127.0.0.1:56092
Begin MonoManager ReloadAssembly
Registering precompiled unity dll's ...
Register platform support module: C:/Program Files/Unity/Hub/Editor/2022.1.4f1/Editor/Data/PlaybackEngines/AndroidPlayer/UnityEditor.Android.Extensions.dll
Register platform support module: C:/Program Files/Unity/Hub/Editor/2022.1.4f1/Editor/Data/PlaybackEngines/WindowsStandaloneSupport/UnityEditor.WindowsStandalone.Extensions.dll
Registered in 0.003564 seconds.
Native extension for WindowsStandalone target not found
Native extension for Android target not found
Refreshing native plugins compatible for Editor in 74.10 ms, found 3 plugins.
Preloading 0 native plugins for Editor in 0.00 ms.
Mono: successfully reloaded assembly
- Completed reload, in  0.483 seconds
Domain Reload Profiling:
	ReloadAssembly (483ms)
		BeginReloadAssembly (48ms)
			ExecutionOrderSort (0ms)
			DisableScriptedObjects (0ms)
			BackupInstance (0ms)
			ReleaseScriptingObjects (0ms)
			CreateAndSetChildDomain (0ms)
		EndReloadAssembly (361ms)
			LoadAssemblies (47ms)
			RebuildTransferFunctionScriptingTraits (0ms)
			SetupTypeCache (77ms)
				TypeCache.Initialize (77ms)
					TypeCache.ScanAssembly (76ms)
				ResolveRequiredComponents (0ms)
			ReleaseScriptCaches (0ms)
			RebuildScriptCaches (19ms)
			SetupLoadedEditorAssemblies (227ms)
				LogAssemblyErrors (0ms)
				InitializePlatformSupportModulesInManaged (36ms)
				SetLoadedEditorAssemblies (5ms)
				RefreshPlugins (74ms)
				BeforeProcessingInitializeOnLoad (1ms)
				ProcessInitializeOnLoadAttributes (77ms)
				ProcessInitializeOnLoadMethodAttributes (34ms)
				AfterProcessingInitializeOnLoad (0ms)
				EditorAssembliesLoaded (0ms)
			ExecutionOrderSort2 (0ms)
			AwakeInstancesAfterBackupRestoration (0ms)
Platform modules already initialized, skipping
Registering precompiled user dll's ...
Registered in 0.003837 seconds.
Begin MonoManager ReloadAssembly
Symbol file LoadedFromMemory doesn't match image C:\Users\ADMIN\Documents\GitHub\Lap-s-Project-for-semester-2--2nd-years-indie\MonstaTds\Library\PackageCache\com.unity.visualscripting@1.7.8\Editor\VisualScripting.Core\Dependencies\DotNetZip\Unity.VisualScripting.IonicZip.dll
Symbol file LoadedFromMemory doesn't match image C:\Users\ADMIN\Documents\GitHub\Lap-s-Project-for-semester-2--2nd-years-indie\MonstaTds\Library\PackageCache\com.unity.visualscripting@1.7.8\Editor\VisualScripting.Core\Dependencies\YamlDotNet\Unity.VisualScripting.YamlDotNet.dll
Native extension for WindowsStandalone target not found
Native extension for Android target not found
Refreshing native plugins compatible for Editor in 72.13 ms, found 3 plugins.
Preloading 0 native plugins for Editor in 0.00 ms.
Mono: successfully reloaded assembly
Package Manager log level set to [2]
[Package Manager] Server::EnsureServerProcessIsRunning -- launch failed, reason: Unity was launched with the -noUpm command-line argument
[Package Manager] UpmClient::Send -- Unable to send message (not connected to UPM process).
[Package Manager] Cannot connect to Unity Package Manager local server
[Package Manager] Server::EnsureServerProcessIsRunning -- launch failed, reason: Unity was launched with the -noUpm command-line argument
[Package Manager] UpmClient::Send -- Unable to send message (not connected to UPM process).
[Package Manager] Cannot connect to Unity Package Manager local server
- Completed reload, in  0.933 seconds
Domain Reload Profiling:
	ReloadAssembly (933ms)
		BeginReloadAssembly (179ms)
			ExecutionOrderSort (0ms)
			DisableScriptedObjects (3ms)
			BackupInstance (0ms)
			ReleaseScriptingObjects (0ms)
			CreateAndSetChildDomain (126ms)
		EndReloadAssembly (686ms)
			LoadAssemblies (48ms)
			RebuildTransferFunctionScriptingTraits (0ms)
			SetupTypeCache (197ms)
				TypeCache.Initialize (193ms)
					TypeCache.ScanAssembly (190ms)
				ResolveRequiredComponents (4ms)
			ReleaseScriptCaches (0ms)
			RebuildScriptCaches (48ms)
			SetupLoadedEditorAssemblies (342ms)
				LogAssemblyErrors (0ms)
				InitializePlatformSupportModulesInManaged (8ms)
				SetLoadedEditorAssemblies (5ms)
				RefreshPlugins (72ms)
				BeforeProcessingInitializeOnLoad (55ms)
				ProcessInitializeOnLoadAttributes (182ms)
				ProcessInitializeOnLoadMethodAttributes (16ms)
				AfterProcessingInitializeOnLoad (3ms)
				EditorAssembliesLoaded (0ms)
			ExecutionOrderSort2 (0ms)
			AwakeInstancesAfterBackupRestoration (4ms)
Platform modules already initialized, skipping
========================================================================
Worker process is ready to serve import requests
Launched and connected shader compiler UnityShaderCompiler.exe after 0.04 seconds
Refreshing native plugins compatible for Editor in 0.70 ms, found 3 plugins.
Preloading 0 native plugins for Editor in 0.00 ms.
Unloading 3984 Unused Serialized files (Serialized files now loaded: 0)
Unloading 58 unused Assets / (60.8 KB). Loaded Objects now: 4425.
Memory consumption went from 0.60 GB to 0.60 GB.
Total: 1.989900 ms (FindLiveObjects: 0.169400 ms CreateObjectMapping: 0.055300 ms MarkObjects: 1.702900 ms  DeleteObjects: 0.061600 ms)

AssetImportParameters requested are different than current active one (requested -> active):
  custom:video-decoder-ogg-theora: a1e56fd34408186e4bbccfd4996cb3dc -> 
  custom:container-muxer-webm: aa71ff27fc2769a1b78a27578f13a17b -> 
  custom:container-demuxer-webm: 4f35f7cbe854078d1ac9338744f61a02 -> 
  custom:video-encoder-webm-vp8: eb34c28f22e8b96e1ab97ce403110664 -> 
  custom:video-codec-MediaFoundation-h265: 746d11721c4dcdbdad8f713fa42b33f4 -> 
  custom:audio-encoder-webm-vorbis: bf7c407c2cedff20999df2af8eb42d56 -> 
  custom:framework-win-MediaFoundation: 216162199b28c13a410421893ffa2e32 -> 
  custom:container-demuxer-ogg: 62fdf1f143b41e24485cea50d1cbac27 -> 
  custom:video-decoder-webm-vp8: 9c59270c3fd7afecdb556c50c9e8de78 -> 
  custom:audio-decoder-ogg-vorbis: bf7c407c2cedff20999df2af8eb42d56 -> 
========================================================================
Received Import Request.
  Time since last request: 21723.191023 seconds.
  path: Assets/Assets/EFFECTs/Polygon Arsenal/Sound/Wav/poly_explosion_acid.wav
  artifactKey: Guid(aea51e8e66a6fa747bca45629a759285) Importer(815301076,1909f56bfc062723c751e8b465ee728b)
Start importing Assets/Assets/EFFECTs/Polygon Arsenal/Sound/Wav/poly_explosion_acid.wav using Guid(aea51e8e66a6fa747bca45629a759285) Importer(815301076,1909f56bfc062723c751e8b465ee728b)  -> (artifact id: '7a2ee9e10f8bf4845172c37dea2a18ba') in 0.074426 seconds 
========================================================================
Received Import Request.
  Time since last request: 0.000018 seconds.
  path: Assets/Assets/EFFECTs/Polygon Arsenal/Sound/Wav/poly_explosion_crystal.wav
  artifactKey: Guid(12f6314fca11a4a4da1440134d0620d6) Importer(815301076,1909f56bfc062723c751e8b465ee728b)
Start importing Assets/Assets/EFFECTs/Polygon Arsenal/Sound/Wav/poly_explosion_crystal.wav using Guid(12f6314fca11a4a4da1440134d0620d6) Importer(815301076,1909f56bfc062723c751e8b465ee728b)  -> (artifact id: '48ad87fb7cf1d2b670869ebf4bc45192') in 0.013130 seconds 
========================================================================
Received Import Request.
  Time since last request: 0.000021 seconds.
  path: Assets/Assets/EFFECTs/Polygon Arsenal/Sound/Wav/poly_explosion_blackhole.wav
  artifactKey: Guid(aba568c3a335d5747a81420124be330b) Importer(815301076,1909f56bfc062723c751e8b465ee728b)
Start importing Assets/Assets/EFFECTs/Polygon Arsenal/Sound/Wav/poly_explosion_blackhole.wav using Guid(aba568c3a335d5747a81420124be330b) Importer(815301076,1909f56bfc062723c751e8b465ee728b)  -> (artifact id: '19a42e426d6b38bdf6d76d7798c6b669') in 0.011224 seconds 
========================================================================
Received Import Request.
  Time since last request: 0.000016 seconds.
  path: Assets/Assets/EFFECTs/Polygon Arsenal/Sound/Wav/poly_explosion_incendiary.wav
  artifactKey: Guid(f36986c8d1478fe41baa79b5da109984) Importer(815301076,1909f56bfc062723c751e8b465ee728b)
Start importing Assets/Assets/EFFECTs/Polygon Arsenal/Sound/Wav/poly_explosion_incendiary.wav using Guid(f36986c8d1478fe41baa79b5da109984) Importer(815301076,1909f56bfc062723c751e8b465ee728b)  -> (artifact id: '8db358dfc62dac0eb7233ad6b23aa129') in 0.011159 seconds 
========================================================================
Received Import Request.
  Time since last request: 0.000022 seconds.
  path: Assets/Assets/EFFECTs/Polygon Arsenal/Sound/Wav/poly_explosion_nuke.wav
  artifactKey: Guid(66374726d9b160c4ba0979c89ee2bb0d) Importer(815301076,1909f56bfc062723c751e8b465ee728b)
Start importing Assets/Assets/EFFECTs/Polygon Arsenal/Sound/Wav/poly_explosion_nuke.wav using Guid(66374726d9b160c4ba0979c89ee2bb0d) Importer(815301076,1909f56bfc062723c751e8b465ee728b)  -> (artifact id: 'e3e96a3bb373e0412f1f9e3a08448f51') in 0.010944 seconds 
========================================================================
Received Import Request.
  Time since last request: 0.000016 seconds.
  path: Assets/Assets/EFFECTs/Polygon Arsenal/Sound/Wav/poly_explosion_ice.wav
  artifactKey: Guid(69b54ca71c1448e42b7b46a419818dcf) Importer(815301076,1909f56bfc062723c751e8b465ee728b)
Start importing Assets/Assets/EFFECTs/Polygon Arsenal/Sound/Wav/poly_explosion_ice.wav using Guid(69b54ca71c1448e42b7b46a419818dcf) Importer(815301076,1909f56bfc062723c751e8b465ee728b)  -> (artifact id: '9fe2ca6f62929924f471471e1b4aa249') in 0.011476 seconds 
========================================================================
Received Import Request.
  Time since last request: 0.000018 seconds.
  path: Assets/Assets/EFFECTs/Polygon Arsenal/Sound/Wav/poly_explosion_skull.wav
  artifactKey: Guid(e65efcf0618be5e4aa5a7ba55e73eb6e) Importer(815301076,1909f56bfc062723c751e8b465ee728b)
Start importing Assets/Assets/EFFECTs/Polygon Arsenal/Sound/Wav/poly_explosion_skull.wav using Guid(e65efcf0618be5e4aa5a7ba55e73eb6e) Importer(815301076,1909f56bfc062723c751e8b465ee728b)  -> (artifact id: '50a1abb13b318e816305de2526031de1') in 0.010791 seconds 
========================================================================
Received Import Request.
  Time since last request: 0.000019 seconds.
  path: Assets/Assets/EFFECTs/Polygon Arsenal/Sound/Wav/poly_explosion_slime.wav
  artifactKey: Guid(4ef5ea6792769eb409562cfb3cefb5c8) Importer(815301076,1909f56bfc062723c751e8b465ee728b)
Start importing Assets/Assets/EFFECTs/Polygon Arsenal/Sound/Wav/poly_explosion_slime.wav using Guid(4ef5ea6792769eb409562cfb3cefb5c8) Importer(815301076,1909f56bfc062723c751e8b465ee728b)  -> (artifact id: 'e479730376fdb805494842a8a7d2173e') in 0.010339 seconds 
========================================================================
Received Import Request.
  Time since last request: 0.000017 seconds.
  path: Assets/Assets/EFFECTs/Polygon Arsenal/Sound/Wav/poly_explosion_fireball3.wav
  artifactKey: Guid(58dc2e645b97255419084420522f4ec0) Importer(815301076,1909f56bfc062723c751e8b465ee728b)
Start importing Assets/Assets/EFFECTs/Polygon Arsenal/Sound/Wav/poly_explosion_fireball3.wav using Guid(58dc2e645b97255419084420522f4ec0) Importer(815301076,1909f56bfc062723c751e8b465ee728b)  -> (artifact id: '6f91f8f8048f05d1e8841cace8dd5320') in 0.011340 seconds 
========================================================================
Received Import Request.
  Time since last request: 0.000013 seconds.
  path: Assets/Assets/EFFECTs/Polygon Arsenal/Sound/Wav/poly_gore02.wav
  artifactKey: Guid(c5abd63fb6389994e95fe5d61d595f49) Importer(815301076,1909f56bfc062723c751e8b465ee728b)
Start importing Assets/Assets/EFFECTs/Polygon Arsenal/Sound/Wav/poly_gore02.wav using Guid(c5abd63fb6389994e95fe5d61d595f49) Importer(815301076,1909f56bfc062723c751e8b465ee728b)  -> (artifact id: '52c8543b5829b2b8b0674f1a21f9517a') in 0.010115 seconds 
========================================================================
Received Import Request.
  Time since last request: 0.000130 seconds.
  path: Assets/Assets/EFFECTs/Polygon Arsenal/Sound/Wav/poly_shoot_arrow.wav
  artifactKey: Guid(327abfd8802775d418b743912fa6fa57) Importer(815301076,1909f56bfc062723c751e8b465ee728b)
Start importing Assets/Assets/EFFECTs/Polygon Arsenal/Sound/Wav/poly_shoot_arrow.wav using Guid(327abfd8802775d418b743912fa6fa57) Importer(815301076,1909f56bfc062723c751e8b465ee728b)  -> (artifact id: 'b85159e80c09a9f78be6c22045e8e17b') in 0.011723 seconds 
========================================================================
Received Import Request.
  Time since last request: 0.000015 seconds.
  path: Assets/Assets/EFFECTs/Polygon Arsenal/Sound/Wav/poly_shoot_bone02.wav
  artifactKey: Guid(a65c9926fc008824eb2adc4f8ab76adc) Importer(815301076,1909f56bfc062723c751e8b465ee728b)
Start importing Assets/Assets/EFFECTs/Polygon Arsenal/Sound/Wav/poly_shoot_bone02.wav using Guid(a65c9926fc008824eb2adc4f8ab76adc) Importer(815301076,1909f56bfc062723c751e8b465ee728b)  -> (artifact id: 'b0276a0b896a9de0fcb92ab883693fb8') in 0.010093 seconds 
========================================================================
Received Import Request.
  Time since last request: 0.000028 seconds.
  path: Assets/Assets/EFFECTs/Polygon Arsenal/Sound/Wav/poly_shoot_holy.wav
  artifactKey: Guid(ac1182b25b3fc8147aaf88f19e4241ba) Importer(815301076,1909f56bfc062723c751e8b465ee728b)
Start importing Assets/Assets/EFFECTs/Polygon Arsenal/Sound/Wav/poly_shoot_holy.wav using Guid(ac1182b25b3fc8147aaf88f19e4241ba) Importer(815301076,1909f56bfc062723c751e8b465ee728b)  -> (artifact id: 'a76e88113c3505d70c9b8caf8844107a') in 0.010301 seconds 
========================================================================
Received Import Request.
  Time since last request: 0.000030 seconds.
  path: Assets/Assets/EFFECTs/Polygon Arsenal/Sound/Wav/poly_shoot_laser01.wav
  artifactKey: Guid(9cc2a755bf3be1a418991bf0785b482c) Importer(815301076,1909f56bfc062723c751e8b465ee728b)
Start importing Assets/Assets/EFFECTs/Polygon Arsenal/Sound/Wav/poly_shoot_laser01.wav using Guid(9cc2a755bf3be1a418991bf0785b482c) Importer(815301076,1909f56bfc062723c751e8b465ee728b)  -> (artifact id: 'fd3037f0d3af892fccb0690a6d2f9d36') in 0.010495 seconds 
========================================================================
Received Import Request.
  Time since last request: 0.000015 seconds.
  path: Assets/Assets/EFFECTs/Polygon Arsenal/Sound/Wav/poly_shoot_lava.wav
  artifactKey: Guid(cad986cde1313f644b57835ec79a0ff2) Importer(815301076,1909f56bfc062723c751e8b465ee728b)
Start importing Assets/Assets/EFFECTs/Polygon Arsenal/Sound/Wav/poly_shoot_lava.wav using Guid(cad986cde1313f644b57835ec79a0ff2) Importer(815301076,1909f56bfc062723c751e8b465ee728b)  -> (artifact id: '43c8de311e98fc8dcc3584c4f18e2cbe') in 0.010405 seconds 
========================================================================
Received Import Request.
  Time since last request: 0.000016 seconds.
  path: Assets/Assets/EFFECTs/Polygon Arsenal/Sound/Wav/poly_shoot_skull.wav
  artifactKey: Guid(a72920763d06a454a8ee0aa035b02b93) Importer(815301076,1909f56bfc062723c751e8b465ee728b)
Start importing Assets/Assets/EFFECTs/Polygon Arsenal/Sound/Wav/poly_shoot_skull.wav using Guid(a72920763d06a454a8ee0aa035b02b93) Importer(815301076,1909f56bfc062723c751e8b465ee728b)  -> (artifact id: '96f98478aab1e8716815d7a1daa6b643') in 0.010318 seconds 
========================================================================
Received Import Request.
  Time since last request: 0.000013 seconds.
  path: Assets/Assets/EFFECTs/Polygon Arsenal/Sound/Wav/poly_shoot_spiky.wav
  artifactKey: Guid(639bf6ac148bdf04eab2d8f6905693ac) Importer(815301076,1909f56bfc062723c751e8b465ee728b)
Start importing Assets/Assets/EFFECTs/Polygon Arsenal/Sound/Wav/poly_shoot_spiky.wav using Guid(639bf6ac148bdf04eab2d8f6905693ac) Importer(815301076,1909f56bfc062723c751e8b465ee728b)  -> (artifact id: '3c988767cae250c5f6536744ee3e9a61') in 0.011103 seconds 
========================================================================
Received Import Request.
  Time since last request: 0.000014 seconds.
  path: Assets/Assets/EFFECTs/Polygon Arsenal/Sound/Wav/poly_shoot_stone03.wav
  artifactKey: Guid(1d96196848b1c90458ca8247ad3b087d) Importer(815301076,1909f56bfc062723c751e8b465ee728b)
Start importing Assets/Assets/EFFECTs/Polygon Arsenal/Sound/Wav/poly_shoot_stone03.wav using Guid(1d96196848b1c90458ca8247ad3b087d) Importer(815301076,1909f56bfc062723c751e8b465ee728b)  -> (artifact id: '3893d4b6ab7b66ce70d4addd607f1a66') in 0.013082 seconds 
========================================================================
Received Import Request.
  Time since last request: 0.000018 seconds.
  path: Assets/Assets/EFFECTs/Polygon Arsenal/Sound/Wav/poly_shoot_stone02.wav
  artifactKey: Guid(d041ee4edef25a746a4eb8d41e4e512b) Importer(815301076,1909f56bfc062723c751e8b465ee728b)
Start importing Assets/Assets/EFFECTs/Polygon Arsenal/Sound/Wav/poly_shoot_stone02.wav using Guid(d041ee4edef25a746a4eb8d41e4e512b) Importer(815301076,1909f56bfc062723c751e8b465ee728b)  -> (artifact id: 'd62c827c97eba1e4899003b3c545e7e9') in 0.012359 seconds 
========================================================================
Received Import Request.
  Time since last request: 0.000035 seconds.
  path: Assets/Assets/EFFECTs/Polygon Arsenal/Sound/Wav/poly_explosion_holy.wav
  artifactKey: Guid(6bb466c11198e154986037631b2f22c6) Importer(815301076,1909f56bfc062723c751e8b465ee728b)
Start importing Assets/Assets/EFFECTs/Polygon Arsenal/Sound/Wav/poly_explosion_holy.wav using Guid(6bb466c11198e154986037631b2f22c6) Importer(815301076,1909f56bfc062723c751e8b465ee728b)  -> (artifact id: '2c6c895f6078fa4a0cf119d56c41081e') in 0.010239 seconds 
========================================================================
Received Import Request.
  Time since last request: 0.000017 seconds.
  path: Assets/Assets/EFFECTs/Polygon Arsenal/Sound/Wav/poly_shoot_sniper.wav
  artifactKey: Guid(1ac313793b8d7ef47b219daa39bca823) Importer(815301076,1909f56bfc062723c751e8b465ee728b)
Start importing Assets/Assets/EFFECTs/Polygon Arsenal/Sound/Wav/poly_shoot_sniper.wav using Guid(1ac313793b8d7ef47b219daa39bca823) Importer(815301076,1909f56bfc062723c751e8b465ee728b)  -> (artifact id: 'cb169310eaf595e88d5a44456820e09a') in 0.010787 seconds 
========================================================================
Received Import Request.
  Time since last request: 7.378494 seconds.
  path: Assets/Assets/EFFECTs/Polygon Arsenal/Sound/Prefabs/Missile/PolyBlackHoleMissileSND.prefab
  artifactKey: Guid(84ba801dba065ee48b738aa11a2029b4) Importer(815301076,1909f56bfc062723c751e8b465ee728b)
Start importing Assets/Assets/EFFECTs/Polygon Arsenal/Sound/Prefabs/Missile/PolyBlackHoleMissileSND.prefab using Guid(84ba801dba065ee48b738aa11a2029b4) Importer(815301076,1909f56bfc062723c751e8b465ee728b)  -> (artifact id: '565b08714e4b4e4f41448d1d4ea541bc') in 0.016008 seconds 
========================================================================
Received Import Request.
  Time since last request: 0.000021 seconds.
  path: Assets/Assets/EFFECTs/Polygon Arsenal/Sound/Prefabs/Missile/PolyFlashGrenadeMissileSND.prefab
  artifactKey: Guid(adc2539667756bf44adc4f6ac1e8850e) Importer(815301076,1909f56bfc062723c751e8b465ee728b)
Start importing Assets/Assets/EFFECTs/Polygon Arsenal/Sound/Prefabs/Missile/PolyFlashGrenadeMissileSND.prefab using Guid(adc2539667756bf44adc4f6ac1e8850e) Importer(815301076,1909f56bfc062723c751e8b465ee728b)  -> (artifact id: 'a46476a10fd23e0293f73767b88013f0') in 0.007292 seconds 
========================================================================
Received Import Request.
  Time since last request: 0.000019 seconds.
  path: Assets/Assets/EFFECTs/Polygon Arsenal/Sound/Prefabs/Missile/PolyIceBigMissileSND.prefab
  artifactKey: Guid(4c41838ab83801b40a6c32d55f29c98b) Importer(815301076,1909f56bfc062723c751e8b465ee728b)
Start importing Assets/Assets/EFFECTs/Polygon Arsenal/Sound/Prefabs/Missile/PolyIceBigMissileSND.prefab using Guid(4c41838ab83801b40a6c32d55f29c98b) Importer(815301076,1909f56bfc062723c751e8b465ee728b)  -> (artifact id: '50810868f9246213305ae035df174f8a') in 0.008781 seconds 
========================================================================
Received Import Request.
  Time since last request: 0.000013 seconds.
  path: Assets/Assets/EFFECTs/Polygon Arsenal/Sound/Prefabs/Missile/PolyLiquidAcidMissileSND.prefab
  artifactKey: Guid(438f30aa822c78746a6f3a05180fb41e) Importer(815301076,1909f56bfc062723c751e8b465ee728b)
Start importing Assets/Assets/EFFECTs/Polygon Arsenal/Sound/Prefabs/Missile/PolyLiquidAcidMissileSND.prefab using Guid(438f30aa822c78746a6f3a05180fb41e) Importer(815301076,1909f56bfc062723c751e8b465ee728b)  -> (artifact id: 'e02cdee32ada3da4224cec297eaf7e99') in 0.008337 seconds 
========================================================================
Received Import Request.
  Time since last request: 0.000013 seconds.
  path: Assets/Assets/EFFECTs/Polygon Arsenal/Sound/Prefabs/Missile/PolyLiquidSlimeMissileSND.prefab
  artifactKey: Guid(855cc3980c8f97b42988946406df0481) Importer(815301076,1909f56bfc062723c751e8b465ee728b)
Start importing Assets/Assets/EFFECTs/Polygon Arsenal/Sound/Prefabs/Missile/PolyLiquidSlimeMissileSND.prefab using Guid(855cc3980c8f97b42988946406df0481) Importer(815301076,1909f56bfc062723c751e8b465ee728b)  -> (artifact id: 'a64cfe257630b610fd94caea62ebe00a') in 0.007942 seconds 
========================================================================
Received Import Request.
  Time since last request: 0.000098 seconds.
  path: Assets/Assets/EFFECTs/Polygon Arsenal/Sound/Prefabs/Missile/PolyProtonMissileSND.prefab
  artifactKey: Guid(41ef251dfbcaf9b438c0eb0ed72ed92f) Importer(815301076,1909f56bfc062723c751e8b465ee728b)
Start importing Assets/Assets/EFFECTs/Polygon Arsenal/Sound/Prefabs/Missile/PolyProtonMissileSND.prefab using Guid(41ef251dfbcaf9b438c0eb0ed72ed92f) Importer(815301076,1909f56bfc062723c751e8b465ee728b)  -> (artifact id: '8be992fe4e6d89faefd74938c202240a') in 0.008175 seconds 
========================================================================
Received Import Request.
  Time since last request: 0.001698 seconds.
  path: Assets/Assets/EFFECTs/Polygon Arsenal/Sound/Prefabs/Missile/PolySmokeGrenadeMissileSND.prefab
  artifactKey: Guid(52bd043f8f4e14e4c901335600a207eb) Importer(815301076,1909f56bfc062723c751e8b465ee728b)
Start importing Assets/Assets/EFFECTs/Polygon Arsenal/Sound/Prefabs/Missile/PolySmokeGrenadeMissileSND.prefab using Guid(52bd043f8f4e14e4c901335600a207eb) Importer(815301076,1909f56bfc062723c751e8b465ee728b)  -> (artifact id: 'cf0df0d6aa3b93a5ad381bb02e76cee3') in 0.006916 seconds 
Editor requested this worker to shutdown with reason: Scaling down because of idle timeout
AssetImportWorker is now disconnected from the server
Process exiting
Exiting without the bug reporter. Application will terminate with return code 0