Using pre-set license
Built from '2022.1/staging' branch; Version is '2022.1.4f1 (76dd1f94b339) revision 7789855'; Using compiler version '192829333'; Build Type 'Release'
OS: 'Windows 11  (10.0.22631) 64bit Professional' Language: 'en' Physical Memory: 32532 MB
BatchMode: 1, IsHumanControllingUs: 0, StartBugReporterOnCrash: 0, Is64bit: 1, IsPro: 1

COMMAND LINE ARGUMENTS:
C:\Program Files\Unity\Hub\Editor\2022.1.4f1\Editor\Unity.exe
-adb2
-batchMode
-noUpm
-name
AssetImportWorker9
-projectPath
C:/Users/ADMIN/Documents/GitHub/Lap-s-Project-for-semester-2--2nd-years-indie/MonstaTds
-logFile
Logs/AssetImportWorker9.log
-srvPort
54214
Successfully changed project path to: C:/Users/ADMIN/Documents/GitHub/Lap-s-Project-for-semester-2--2nd-years-indie/MonstaTds
C:/Users/ADMIN/Documents/GitHub/Lap-s-Project-for-semester-2--2nd-years-indie/MonstaTds
[UnityMemory] Configuration Parameters - Can be set up in boot.config
    "memorysetup-bucket-allocator-granularity=16"
    "memorysetup-bucket-allocator-bucket-count=8"
    "memorysetup-bucket-allocator-block-size=33554432"
    "memorysetup-bucket-allocator-block-count=8"
    "memorysetup-main-allocator-block-size=16777216"
    "memorysetup-thread-allocator-block-size=16777216"
    "memorysetup-gfx-main-allocator-block-size=16777216"
    "memorysetup-gfx-thread-allocator-block-size=16777216"
    "memorysetup-cache-allocator-block-size=4194304"
    "memorysetup-typetree-allocator-block-size=2097152"
    "memorysetup-profiler-bucket-allocator-granularity=16"
    "memorysetup-profiler-bucket-allocator-bucket-count=8"
    "memorysetup-profiler-bucket-allocator-block-size=33554432"
    "memorysetup-profiler-bucket-allocator-block-count=8"
    "memorysetup-profiler-allocator-block-size=16777216"
    "memorysetup-profiler-editor-allocator-block-size=1048576"
    "memorysetup-temp-allocator-size-main=16777216"
    "memorysetup-job-temp-allocator-block-size=2097152"
    "memorysetup-job-temp-allocator-block-size-background=1048576"
    "memorysetup-job-temp-allocator-reduction-small-platforms=262144"
    "memorysetup-temp-allocator-size-background-worker=32768"
    "memorysetup-temp-allocator-size-job-worker=262144"
    "memorysetup-temp-allocator-size-preload-manager=33554432"
    "memorysetup-temp-allocator-size-nav-mesh-worker=65536"
    "memorysetup-temp-allocator-size-audio-worker=65536"
    "memorysetup-temp-allocator-size-cloud-worker=32768"
    "memorysetup-temp-allocator-size-gi-baking-worker=262144"
    "memorysetup-temp-allocator-size-gfx=262144"
Refreshing native plugins compatible for Editor in 85.57 ms, found 3 plugins.
Preloading 0 native plugins for Editor in 0.00 ms.
Initialize engine version: 2022.1.4f1 (76dd1f94b339)
[Subsystems] Discovering subsystems at path C:/Program Files/Unity/Hub/Editor/2022.1.4f1/Editor/Data/Resources/UnitySubsystems
[Subsystems] Discovering subsystems at path C:/Users/ADMIN/Documents/GitHub/Lap-s-Project-for-semester-2--2nd-years-indie/MonstaTds/Assets
GfxDevice: creating device client; threaded=0; jobified=0
Direct3D:
    Version:  Direct3D 11.0 [level 11.1]
    Renderer: NVIDIA GeForce RTX 3060 (ID=0x2504)
    Vendor:   NVIDIA
    VRAM:     12115 MB
    Driver:   31.0.15.5244
Initialize mono
Mono path[0] = 'C:/Program Files/Unity/Hub/Editor/2022.1.4f1/Editor/Data/Managed'
Mono path[1] = 'C:/Program Files/Unity/Hub/Editor/2022.1.4f1/Editor/Data/MonoBleedingEdge/lib/mono/unityjit-win32'
Mono config path = 'C:/Program Files/Unity/Hub/Editor/2022.1.4f1/Editor/Data/MonoBleedingEdge/etc'
Using monoOptions --debugger-agent=transport=dt_socket,embedding=1,server=y,suspend=n,address=127.0.0.1:56312
Begin MonoManager ReloadAssembly
Registering precompiled unity dll's ...
Register platform support module: C:/Program Files/Unity/Hub/Editor/2022.1.4f1/Editor/Data/PlaybackEngines/AndroidPlayer/UnityEditor.Android.Extensions.dll
Register platform support module: C:/Program Files/Unity/Hub/Editor/2022.1.4f1/Editor/Data/PlaybackEngines/WindowsStandaloneSupport/UnityEditor.WindowsStandalone.Extensions.dll
Registered in 0.003122 seconds.
Native extension for WindowsStandalone target not found
Native extension for Android target not found
Refreshing native plugins compatible for Editor in 76.38 ms, found 3 plugins.
Preloading 0 native plugins for Editor in 0.00 ms.
Mono: successfully reloaded assembly
- Completed reload, in  0.527 seconds
Domain Reload Profiling:
	ReloadAssembly (528ms)
		BeginReloadAssembly (51ms)
			ExecutionOrderSort (0ms)
			DisableScriptedObjects (0ms)
			BackupInstance (0ms)
			ReleaseScriptingObjects (0ms)
			CreateAndSetChildDomain (1ms)
		EndReloadAssembly (405ms)
			LoadAssemblies (50ms)
			RebuildTransferFunctionScriptingTraits (0ms)
			SetupTypeCache (87ms)
				TypeCache.Initialize (87ms)
					TypeCache.ScanAssembly (85ms)
				ResolveRequiredComponents (1ms)
			ReleaseScriptCaches (0ms)
			RebuildScriptCaches (23ms)
			SetupLoadedEditorAssemblies (243ms)
				LogAssemblyErrors (0ms)
				InitializePlatformSupportModulesInManaged (43ms)
				SetLoadedEditorAssemblies (6ms)
				RefreshPlugins (76ms)
				BeforeProcessingInitializeOnLoad (1ms)
				ProcessInitializeOnLoadAttributes (83ms)
				ProcessInitializeOnLoadMethodAttributes (34ms)
				AfterProcessingInitializeOnLoad (0ms)
				EditorAssembliesLoaded (0ms)
			ExecutionOrderSort2 (0ms)
			AwakeInstancesAfterBackupRestoration (0ms)
Platform modules already initialized, skipping
Registering precompiled user dll's ...
Registered in 0.002629 seconds.
Begin MonoManager ReloadAssembly
Symbol file LoadedFromMemory doesn't match image C:\Users\ADMIN\Documents\GitHub\Lap-s-Project-for-semester-2--2nd-years-indie\MonstaTds\Library\PackageCache\com.unity.visualscripting@1.7.8\Editor\VisualScripting.Core\Dependencies\DotNetZip\Unity.VisualScripting.IonicZip.dll
Symbol file LoadedFromMemory doesn't match image C:\Users\ADMIN\Documents\GitHub\Lap-s-Project-for-semester-2--2nd-years-indie\MonstaTds\Library\PackageCache\com.unity.visualscripting@1.7.8\Editor\VisualScripting.Core\Dependencies\YamlDotNet\Unity.VisualScripting.YamlDotNet.dll
Native extension for WindowsStandalone target not found
Native extension for Android target not found
Refreshing native plugins compatible for Editor in 75.83 ms, found 3 plugins.
Preloading 0 native plugins for Editor in 0.00 ms.
Mono: successfully reloaded assembly
Package Manager log level set to [2]
[Package Manager] Server::EnsureServerProcessIsRunning -- launch failed, reason: Unity was launched with the -noUpm command-line argument
[Package Manager] UpmClient::Send -- Unable to send message (not connected to UPM process).
[Package Manager] Cannot connect to Unity Package Manager local server
[Package Manager] Server::EnsureServerProcessIsRunning -- launch failed, reason: Unity was launched with the -noUpm command-line argument
[Package Manager] UpmClient::Send -- Unable to send message (not connected to UPM process).
[Package Manager] Cannot connect to Unity Package Manager local server
- Completed reload, in  0.980 seconds
Domain Reload Profiling:
	ReloadAssembly (982ms)
		BeginReloadAssembly (197ms)
			ExecutionOrderSort (0ms)
			DisableScriptedObjects (4ms)
			BackupInstance (0ms)
			ReleaseScriptingObjects (0ms)
			CreateAndSetChildDomain (130ms)
		EndReloadAssembly (714ms)
			LoadAssemblies (59ms)
			RebuildTransferFunctionScriptingTraits (0ms)
			SetupTypeCache (188ms)
				TypeCache.Initialize (185ms)
					TypeCache.ScanAssembly (179ms)
				ResolveRequiredComponents (3ms)
			ReleaseScriptCaches (1ms)
			RebuildScriptCaches (46ms)
			SetupLoadedEditorAssemblies (377ms)
				LogAssemblyErrors (0ms)
				InitializePlatformSupportModulesInManaged (10ms)
				SetLoadedEditorAssemblies (5ms)
				RefreshPlugins (76ms)
				BeforeProcessingInitializeOnLoad (57ms)
				ProcessInitializeOnLoadAttributes (210ms)
				ProcessInitializeOnLoadMethodAttributes (17ms)
				AfterProcessingInitializeOnLoad (3ms)
				EditorAssembliesLoaded (0ms)
			ExecutionOrderSort2 (0ms)
			AwakeInstancesAfterBackupRestoration (5ms)
Platform modules already initialized, skipping
========================================================================
Worker process is ready to serve import requests
Launched and connected shader compiler UnityShaderCompiler.exe after 0.05 seconds
Refreshing native plugins compatible for Editor in 2.31 ms, found 3 plugins.
Preloading 0 native plugins for Editor in 0.00 ms.
Unloading 3984 Unused Serialized files (Serialized files now loaded: 0)
Unloading 58 unused Assets / (60.8 KB). Loaded Objects now: 4425.
Memory consumption went from 0.60 GB to 0.60 GB.
Total: 3.207600 ms (FindLiveObjects: 0.397900 ms CreateObjectMapping: 0.102100 ms MarkObjects: 2.574300 ms  DeleteObjects: 0.131900 ms)

AssetImportParameters requested are different than current active one (requested -> active):
  custom:video-decoder-ogg-theora: a1e56fd34408186e4bbccfd4996cb3dc -> 
  custom:container-muxer-webm: aa71ff27fc2769a1b78a27578f13a17b -> 
  custom:container-demuxer-webm: 4f35f7cbe854078d1ac9338744f61a02 -> 
  custom:video-encoder-webm-vp8: eb34c28f22e8b96e1ab97ce403110664 -> 
  custom:video-codec-MediaFoundation-h265: 746d11721c4dcdbdad8f713fa42b33f4 -> 
  custom:audio-encoder-webm-vorbis: bf7c407c2cedff20999df2af8eb42d56 -> 
  custom:framework-win-MediaFoundation: 216162199b28c13a410421893ffa2e32 -> 
  custom:container-demuxer-ogg: 62fdf1f143b41e24485cea50d1cbac27 -> 
  custom:video-decoder-webm-vp8: 9c59270c3fd7afecdb556c50c9e8de78 -> 
  custom:audio-decoder-ogg-vorbis: bf7c407c2cedff20999df2af8eb42d56 -> 
========================================================================
Received Import Request.
  Time since last request: 19239.466713 seconds.
  path: Assets/Assets/EFFECTs/Polygon Arsenal/Prefabs/Environment/Fireworks/Fountain/FireworkFountainYellow.prefab
  artifactKey: Guid(b238fb946c0e3be4bbe77858a6011144) Importer(815301076,1909f56bfc062723c751e8b465ee728b)
Start importing Assets/Assets/EFFECTs/Polygon Arsenal/Prefabs/Environment/Fireworks/Fountain/FireworkFountainYellow.prefab using Guid(b238fb946c0e3be4bbe77858a6011144) Importer(815301076,1909f56bfc062723c751e8b465ee728b)  -> (artifact id: '2ffff0cbbb5b34fc586afa7c14bc840f') in 0.112843 seconds 
========================================================================
Received Import Request.
  Time since last request: 0.000029 seconds.
  path: Assets/Assets/EFFECTs/Polygon Arsenal/Prefabs/Interactive/Treasure/Fountain/Coin/CoinFountainGold.prefab
  artifactKey: Guid(b5f4925f720394e488fc885f7fa344d8) Importer(815301076,1909f56bfc062723c751e8b465ee728b)
Start importing Assets/Assets/EFFECTs/Polygon Arsenal/Prefabs/Interactive/Treasure/Fountain/Coin/CoinFountainGold.prefab using Guid(b5f4925f720394e488fc885f7fa344d8) Importer(815301076,1909f56bfc062723c751e8b465ee728b)  -> (artifact id: 'c46c63b479bb1c10cce32daef53f4701') in 0.091648 seconds 
========================================================================
Received Import Request.
  Time since last request: 0.000034 seconds.
  path: Assets/UI pack/Fonts/Roboto-Regular.ttf
  artifactKey: Guid(87234a9d13698654bb0d237fbcff721c) Importer(815301076,1909f56bfc062723c751e8b465ee728b)
Start importing Assets/UI pack/Fonts/Roboto-Regular.ttf using Guid(87234a9d13698654bb0d237fbcff721c) Importer(815301076,1909f56bfc062723c751e8b465ee728b)  -> (artifact id: '539761d1c814d265fc629e9cecb995d9') in 0.037772 seconds 
========================================================================
Received Import Request.
  Time since last request: 0.000027 seconds.
  path: Assets/Assets/EFFECTs/JMO Assets/Cartoon FX (legacy)/Textures/CFX_T_Foam.png
  artifactKey: Guid(c4d5aed015bc1e74f8c8f6329edb4fbb) Importer(815301076,1909f56bfc062723c751e8b465ee728b)
Start importing Assets/Assets/EFFECTs/JMO Assets/Cartoon FX (legacy)/Textures/CFX_T_Foam.png using Guid(c4d5aed015bc1e74f8c8f6329edb4fbb) Importer(815301076,1909f56bfc062723c751e8b465ee728b)  -> (artifact id: '1b718be75102e13129fc63f0b8d2db30') in 0.014663 seconds 
========================================================================
Received Import Request.
  Time since last request: 0.000029 seconds.
  path: Assets/Assets/EFFECTs/Polygon Arsenal/Prefabs/Environment/Fireworks/Fountain/FireworkFountainPurple.prefab
  artifactKey: Guid(b12fea3f9c466bd4aa5f166f1b3d9d58) Importer(815301076,1909f56bfc062723c751e8b465ee728b)
Start importing Assets/Assets/EFFECTs/Polygon Arsenal/Prefabs/Environment/Fireworks/Fountain/FireworkFountainPurple.prefab using Guid(b12fea3f9c466bd4aa5f166f1b3d9d58) Importer(815301076,1909f56bfc062723c751e8b465ee728b)  -> (artifact id: 'c2c5989048d302e5dbbed19a1e40327c') in 0.014571 seconds 
========================================================================
Received Import Request.
  Time since last request: 0.000019 seconds.
  path: Assets/TextMesh Pro/Fonts/LiberationSans.ttf
  artifactKey: Guid(e3265ab4bf004d28a9537516768c1c75) Importer(815301076,1909f56bfc062723c751e8b465ee728b)
Start importing Assets/TextMesh Pro/Fonts/LiberationSans.ttf using Guid(e3265ab4bf004d28a9537516768c1c75) Importer(815301076,1909f56bfc062723c751e8b465ee728b)  -> (artifact id: 'd89598702348dc7bb9dda60aeb322df9') in 0.016151 seconds 
========================================================================
Received Import Request.
  Time since last request: 0.000017 seconds.
  path: Assets/Assets/EFFECTs/Polygon Arsenal/Prefabs/Interactive/Treasure/Fountain/Coin/CoinFountainBronze.prefab
  artifactKey: Guid(34c22aae23dfdf94e9caf64d5106a364) Importer(815301076,1909f56bfc062723c751e8b465ee728b)
Start importing Assets/Assets/EFFECTs/Polygon Arsenal/Prefabs/Interactive/Treasure/Fountain/Coin/CoinFountainBronze.prefab using Guid(34c22aae23dfdf94e9caf64d5106a364) Importer(815301076,1909f56bfc062723c751e8b465ee728b)  -> (artifact id: '620bc30b8e26f88dd1153d48260b225f') in 0.019750 seconds 
========================================================================
Received Import Request.
  Time since last request: 0.000017 seconds.
  path: Assets/Assets/EFFECTs/Polygon Arsenal/Prefabs/Environment/Fireworks/Fountain/FireworkFountainRainbow.prefab
  artifactKey: Guid(10bcc8d2846e7fe4f9b067fb0812eadd) Importer(815301076,1909f56bfc062723c751e8b465ee728b)
Start importing Assets/Assets/EFFECTs/Polygon Arsenal/Prefabs/Environment/Fireworks/Fountain/FireworkFountainRainbow.prefab using Guid(10bcc8d2846e7fe4f9b067fb0812eadd) Importer(815301076,1909f56bfc062723c751e8b465ee728b)  -> (artifact id: '93cd1991ef98a72044e1bf313e2a51b6') in 0.014734 seconds 
========================================================================
Received Import Request.
  Time since last request: 0.000031 seconds.
  path: Assets/Assets/EFFECTs/Polygon Arsenal/Prefabs/Environment/Fireworks/Fountain/FireworkFountainOrange.prefab
  artifactKey: Guid(1c7ab51d03e0c024e8f8b7b895a120a9) Importer(815301076,1909f56bfc062723c751e8b465ee728b)
Start importing Assets/Assets/EFFECTs/Polygon Arsenal/Prefabs/Environment/Fireworks/Fountain/FireworkFountainOrange.prefab using Guid(1c7ab51d03e0c024e8f8b7b895a120a9) Importer(815301076,1909f56bfc062723c751e8b465ee728b)  -> (artifact id: '428561a1193b732fa0a64dfccab48e7e') in 0.014579 seconds 
========================================================================
Received Import Request.
  Time since last request: 0.000015 seconds.
  path: Assets/Assets/EFFECTs/Polygon Arsenal/Prefabs/Environment/Fireworks/Fountain/FireworkFountainGreen.prefab
  artifactKey: Guid(905feb2b676a5ba4dad24baf9ffc6e07) Importer(815301076,1909f56bfc062723c751e8b465ee728b)
Start importing Assets/Assets/EFFECTs/Polygon Arsenal/Prefabs/Environment/Fireworks/Fountain/FireworkFountainGreen.prefab using Guid(905feb2b676a5ba4dad24baf9ffc6e07) Importer(815301076,1909f56bfc062723c751e8b465ee728b)  -> (artifact id: '459e1601eaef6ff081979bb9c862783c') in 0.013870 seconds 
========================================================================
Received Import Request.
  Time since last request: 0.000023 seconds.
  path: Assets/Assets/EFFECTs/Polygon Arsenal/Prefabs/Combat/Gore/Green/BloodFountainG.prefab
  artifactKey: Guid(835abeb88a820c04d94dc5597f74759a) Importer(815301076,1909f56bfc062723c751e8b465ee728b)
Start importing Assets/Assets/EFFECTs/Polygon Arsenal/Prefabs/Combat/Gore/Green/BloodFountainG.prefab using Guid(835abeb88a820c04d94dc5597f74759a) Importer(815301076,1909f56bfc062723c751e8b465ee728b)  -> (artifact id: 'ad73af73da12bccc6b9472b235638e98') in 3.903532 seconds 
========================================================================
Received Import Request.
  Time since last request: 0.000028 seconds.
  path: Assets/UI pack/Fonts/ProductSans-Regular.ttf
  artifactKey: Guid(a4f32b2c8e673a441a4a26270fe53e05) Importer(815301076,1909f56bfc062723c751e8b465ee728b)
Start importing Assets/UI pack/Fonts/ProductSans-Regular.ttf using Guid(a4f32b2c8e673a441a4a26270fe53e05) Importer(815301076,1909f56bfc062723c751e8b465ee728b)  -> (artifact id: '25b92964737f9010a21b79f47af8c78c') in 0.017086 seconds 
========================================================================
Received Import Request.
  Time since last request: 0.000024 seconds.
  path: Assets/Assets/EFFECTs/Polygon Arsenal/Prefabs/Environment/Bubbles/Surface/BubblesSurfaceSlime.prefab
  artifactKey: Guid(648d3709a699e22419e3f2f2b2469ccc) Importer(815301076,1909f56bfc062723c751e8b465ee728b)
Start importing Assets/Assets/EFFECTs/Polygon Arsenal/Prefabs/Environment/Bubbles/Surface/BubblesSurfaceSlime.prefab using Guid(648d3709a699e22419e3f2f2b2469ccc) Importer(815301076,1909f56bfc062723c751e8b465ee728b)  -> (artifact id: '03672e2e1e9d99f172bfad1723c2d1ea') in 0.019604 seconds 
========================================================================
Received Import Request.
  Time since last request: 0.000018 seconds.
  path: Assets/Assets/EFFECTs/Polygon Arsenal/Prefabs/Environment/Fireworks/Fountain/FireworkFountainBlue.prefab
  artifactKey: Guid(1d62b6f5e086a7a449391b51edee95f0) Importer(815301076,1909f56bfc062723c751e8b465ee728b)
Start importing Assets/Assets/EFFECTs/Polygon Arsenal/Prefabs/Environment/Fireworks/Fountain/FireworkFountainBlue.prefab using Guid(1d62b6f5e086a7a449391b51edee95f0) Importer(815301076,1909f56bfc062723c751e8b465ee728b)  -> (artifact id: 'f632c11c218fde4cf4c3259f46ef7a31') in 0.015854 seconds 
========================================================================
Received Import Request.
  Time since last request: 0.000017 seconds.
  path: Assets/Assets/EFFECTs/Polygon Arsenal/Demo/Demo Prefabs/Cameras/CameraFrontRig.prefab
  artifactKey: Guid(e7c5b2fa6e98e10409c85358be822511) Importer(815301076,1909f56bfc062723c751e8b465ee728b)
Start importing Assets/Assets/EFFECTs/Polygon Arsenal/Demo/Demo Prefabs/Cameras/CameraFrontRig.prefab using Guid(e7c5b2fa6e98e10409c85358be822511) Importer(815301076,1909f56bfc062723c751e8b465ee728b)  -> (artifact id: '33165009ec23784c7d4521f04ad774a7') in 0.013281 seconds 
Editor requested this worker to shutdown with reason: Scaling down because of idle timeout
AssetImportWorker is now disconnected from the server
Process exiting
Exiting without the bug reporter. Application will terminate with return code 0