Using pre-set license
Built from '2022.1/staging' branch; Version is '2022.1.4f1 (76dd1f94b339) revision 7789855'; Using compiler version '192829333'; Build Type 'Release'
OS: 'Windows 10  (10.0.19045) 64bit Professional' Language: 'en' Physical Memory: 32463 MB
BatchMode: 1, IsHumanControllingUs: 0, StartBugReporterOnCrash: 0, Is64bit: 1, IsPro: 1

COMMAND LINE ARGUMENTS:
C:\Program Files\Unity\Hub\Editor\2022.1.4f1\Editor\Unity.exe
-adb2
-batchMode
-noUpm
-name
AssetImportWorker8
-projectPath
D:/Users/lap.h/Documents/GitHub/Lap-s-Project-for-semester-2--2nd-years-indie/MonstaTds
-logFile
Logs/AssetImportWorker8.log
-srvPort
62642
Successfully changed project path to: D:/Users/lap.h/Documents/GitHub/Lap-s-Project-for-semester-2--2nd-years-indie/MonstaTds
D:/Users/lap.h/Documents/GitHub/Lap-s-Project-for-semester-2--2nd-years-indie/MonstaTds
[UnityMemory] Configuration Parameters - Can be set up in boot.config
    "memorysetup-bucket-allocator-granularity=16"
    "memorysetup-bucket-allocator-bucket-count=8"
    "memorysetup-bucket-allocator-block-size=33554432"
    "memorysetup-bucket-allocator-block-count=8"
    "memorysetup-main-allocator-block-size=16777216"
    "memorysetup-thread-allocator-block-size=16777216"
    "memorysetup-gfx-main-allocator-block-size=16777216"
    "memorysetup-gfx-thread-allocator-block-size=16777216"
    "memorysetup-cache-allocator-block-size=4194304"
    "memorysetup-typetree-allocator-block-size=2097152"
    "memorysetup-profiler-bucket-allocator-granularity=16"
    "memorysetup-profiler-bucket-allocator-bucket-count=8"
    "memorysetup-profiler-bucket-allocator-block-size=33554432"
    "memorysetup-profiler-bucket-allocator-block-count=8"
    "memorysetup-profiler-allocator-block-size=16777216"
    "memorysetup-profiler-editor-allocator-block-size=1048576"
    "memorysetup-temp-allocator-size-main=16777216"
    "memorysetup-job-temp-allocator-block-size=2097152"
    "memorysetup-job-temp-allocator-block-size-background=1048576"
    "memorysetup-job-temp-allocator-reduction-small-platforms=262144"
    "memorysetup-temp-allocator-size-background-worker=32768"
    "memorysetup-temp-allocator-size-job-worker=262144"
    "memorysetup-temp-allocator-size-preload-manager=33554432"
    "memorysetup-temp-allocator-size-nav-mesh-worker=65536"
    "memorysetup-temp-allocator-size-audio-worker=65536"
    "memorysetup-temp-allocator-size-cloud-worker=32768"
    "memorysetup-temp-allocator-size-gi-baking-worker=262144"
    "memorysetup-temp-allocator-size-gfx=262144"
Refreshing native plugins compatible for Editor in 452.03 ms, found 3 plugins.
Preloading 0 native plugins for Editor in 0.00 ms.
Initialize engine version: 2022.1.4f1 (76dd1f94b339)
[Subsystems] Discovering subsystems at path C:/Program Files/Unity/Hub/Editor/2022.1.4f1/Editor/Data/Resources/UnitySubsystems
[Subsystems] Discovering subsystems at path D:/Users/lap.h/Documents/GitHub/Lap-s-Project-for-semester-2--2nd-years-indie/MonstaTds/Assets
GfxDevice: creating device client; threaded=0; jobified=0
Direct3D:
    Version:  Direct3D 11.0 [level 11.1]
    Renderer: NVIDIA GeForce RTX 2070 (ID=0x1f02)
    Vendor:   NVIDIA
    VRAM:     8019 MB
    Driver:   31.0.15.3623
Initialize mono
Mono path[0] = 'C:/Program Files/Unity/Hub/Editor/2022.1.4f1/Editor/Data/Managed'
Mono path[1] = 'C:/Program Files/Unity/Hub/Editor/2022.1.4f1/Editor/Data/MonoBleedingEdge/lib/mono/unityjit-win32'
Mono config path = 'C:/Program Files/Unity/Hub/Editor/2022.1.4f1/Editor/Data/MonoBleedingEdge/etc'
Using monoOptions --debugger-agent=transport=dt_socket,embedding=1,server=y,suspend=n,address=127.0.0.1:56712
Begin MonoManager ReloadAssembly
Registering precompiled unity dll's ...
Register platform support module: C:/Program Files/Unity/Hub/Editor/2022.1.4f1/Editor/Data/PlaybackEngines/AndroidPlayer/UnityEditor.Android.Extensions.dll
Register platform support module: C:/Program Files/Unity/Hub/Editor/2022.1.4f1/Editor/Data/PlaybackEngines/WindowsStandaloneSupport/UnityEditor.WindowsStandalone.Extensions.dll
Registered in 0.017896 seconds.
Native extension for WindowsStandalone target not found
Native extension for Android target not found
Refreshing native plugins compatible for Editor in 260.55 ms, found 3 plugins.
Preloading 0 native plugins for Editor in 0.00 ms.
Mono: successfully reloaded assembly
- Completed reload, in  2.000 seconds
Domain Reload Profiling:
	ReloadAssembly (2000ms)
		BeginReloadAssembly (467ms)
			ExecutionOrderSort (0ms)
			DisableScriptedObjects (0ms)
			BackupInstance (0ms)
			ReleaseScriptingObjects (0ms)
			CreateAndSetChildDomain (1ms)
		EndReloadAssembly (1217ms)
			LoadAssemblies (472ms)
			RebuildTransferFunctionScriptingTraits (0ms)
			SetupTypeCache (377ms)
				TypeCache.Initialize (376ms)
					TypeCache.ScanAssembly (373ms)
				ResolveRequiredComponents (1ms)
			ReleaseScriptCaches (0ms)
			RebuildScriptCaches (60ms)
			SetupLoadedEditorAssemblies (661ms)
				LogAssemblyErrors (0ms)
				InitializePlatformSupportModulesInManaged (91ms)
				SetLoadedEditorAssemblies (24ms)
				RefreshPlugins (261ms)
				BeforeProcessingInitializeOnLoad (2ms)
				ProcessInitializeOnLoadAttributes (206ms)
				ProcessInitializeOnLoadMethodAttributes (77ms)
				AfterProcessingInitializeOnLoad (0ms)
				EditorAssembliesLoaded (0ms)
			ExecutionOrderSort2 (0ms)
			AwakeInstancesAfterBackupRestoration (0ms)
Platform modules already initialized, skipping
Registering precompiled user dll's ...
Registered in 0.022824 seconds.
Begin MonoManager ReloadAssembly
Symbol file LoadedFromMemory doesn't match image D:\Users\lap.h\Documents\GitHub\Lap-s-Project-for-semester-2--2nd-years-indie\MonstaTds\Library\PackageCache\com.unity.visualscripting@1.7.8\Editor\VisualScripting.Core\Dependencies\DotNetZip\Unity.VisualScripting.IonicZip.dll
Symbol file LoadedFromMemory doesn't match image D:\Users\lap.h\Documents\GitHub\Lap-s-Project-for-semester-2--2nd-years-indie\MonstaTds\Library\PackageCache\com.unity.visualscripting@1.7.8\Editor\VisualScripting.Core\Dependencies\YamlDotNet\Unity.VisualScripting.YamlDotNet.dll
Native extension for WindowsStandalone target not found
Native extension for Android target not found
Refreshing native plugins compatible for Editor in 249.26 ms, found 3 plugins.
Preloading 0 native plugins for Editor in 0.00 ms.
Mono: successfully reloaded assembly
Package Manager log level set to [2]
[Package Manager] Server::EnsureServerProcessIsRunning -- launch failed, reason: Unity was launched with the -noUpm command-line argument
[Package Manager] UpmClient::Send -- Unable to send message (not connected to UPM process).
[Package Manager] Cannot connect to Unity Package Manager local server
[Package Manager] Server::EnsureServerProcessIsRunning -- launch failed, reason: Unity was launched with the -noUpm command-line argument
[Package Manager] UpmClient::Send -- Unable to send message (not connected to UPM process).
[Package Manager] Cannot connect to Unity Package Manager local server
- Completed reload, in  3.262 seconds
Domain Reload Profiling:
	ReloadAssembly (3265ms)
		BeginReloadAssembly (536ms)
			ExecutionOrderSort (0ms)
			DisableScriptedObjects (21ms)
			BackupInstance (0ms)
			ReleaseScriptingObjects (0ms)
			CreateAndSetChildDomain (66ms)
		EndReloadAssembly (2415ms)
			LoadAssemblies (743ms)
			RebuildTransferFunctionScriptingTraits (0ms)
			SetupTypeCache (506ms)
				TypeCache.Initialize (490ms)
					TypeCache.ScanAssembly (485ms)
				ResolveRequiredComponents (16ms)
			ReleaseScriptCaches (1ms)
			RebuildScriptCaches (83ms)
			SetupLoadedEditorAssemblies (1180ms)
				LogAssemblyErrors (0ms)
				InitializePlatformSupportModulesInManaged (36ms)
				SetLoadedEditorAssemblies (10ms)
				RefreshPlugins (249ms)
				BeforeProcessingInitializeOnLoad (164ms)
				ProcessInitializeOnLoadAttributes (638ms)
				ProcessInitializeOnLoadMethodAttributes (68ms)
				AfterProcessingInitializeOnLoad (15ms)
				EditorAssembliesLoaded (0ms)
			ExecutionOrderSort2 (0ms)
			AwakeInstancesAfterBackupRestoration (17ms)
Platform modules already initialized, skipping
========================================================================
Worker process is ready to serve import requests
Launched and connected shader compiler UnityShaderCompiler.exe after 0.06 seconds
Refreshing native plugins compatible for Editor in 2.61 ms, found 3 plugins.
Preloading 0 native plugins for Editor in 0.00 ms.
Unloading 3982 Unused Serialized files (Serialized files now loaded: 0)
Unloading 58 unused Assets / (59.7 KB). Loaded Objects now: 4419.
Memory consumption went from 0.60 GB to 0.60 GB.
Total: 12.291200 ms (FindLiveObjects: 0.969200 ms CreateObjectMapping: 0.976700 ms MarkObjects: 10.198100 ms  DeleteObjects: 0.144100 ms)

AssetImportParameters requested are different than current active one (requested -> active):
  custom:video-decoder-ogg-theora: a1e56fd34408186e4bbccfd4996cb3dc -> 
  custom:container-muxer-webm: aa71ff27fc2769a1b78a27578f13a17b -> 
  custom:container-demuxer-webm: 4f35f7cbe854078d1ac9338744f61a02 -> 
  custom:video-encoder-webm-vp8: eb34c28f22e8b96e1ab97ce403110664 -> 
  custom:audio-encoder-webm-vorbis: bf7c407c2cedff20999df2af8eb42d56 -> 
  custom:framework-win-MediaFoundation: 216162199b28c13a410421893ffa2e32 -> 
  custom:container-demuxer-ogg: 62fdf1f143b41e24485cea50d1cbac27 -> 
  custom:video-decoder-webm-vp8: 9c59270c3fd7afecdb556c50c9e8de78 -> 
  custom:audio-decoder-ogg-vorbis: bf7c407c2cedff20999df2af8eb42d56 -> 
========================================================================
Received Prepare
Registering precompiled user dll's ...
Registered in 0.021337 seconds.
Begin MonoManager ReloadAssembly
Symbol file LoadedFromMemory doesn't match image D:\Users\lap.h\Documents\GitHub\Lap-s-Project-for-semester-2--2nd-years-indie\MonstaTds\Library\PackageCache\com.unity.visualscripting@1.7.8\Editor\VisualScripting.Core\Dependencies\DotNetZip\Unity.VisualScripting.IonicZip.dll
Symbol file LoadedFromMemory doesn't match image D:\Users\lap.h\Documents\GitHub\Lap-s-Project-for-semester-2--2nd-years-indie\MonstaTds\Library\PackageCache\com.unity.visualscripting@1.7.8\Editor\VisualScripting.Core\Dependencies\YamlDotNet\Unity.VisualScripting.YamlDotNet.dll
Native extension for WindowsStandalone target not found
Native extension for Android target not found
Refreshing native plugins compatible for Editor in 1.69 ms, found 3 plugins.
Preloading 0 native plugins for Editor in 0.00 ms.
Mono: successfully reloaded assembly
[Package Manager] Server::EnsureServerProcessIsRunning -- launch failed, reason: Unity was launched with the -noUpm command-line argument
[Package Manager] UpmClient::Send -- Unable to send message (not connected to UPM process).
[Package Manager] Cannot connect to Unity Package Manager local server
- Completed reload, in  2.113 seconds
Domain Reload Profiling:
	ReloadAssembly (2114ms)
		BeginReloadAssembly (422ms)
			ExecutionOrderSort (0ms)
			DisableScriptedObjects (8ms)
			BackupInstance (0ms)
			ReleaseScriptingObjects (0ms)
			CreateAndSetChildDomain (60ms)
		EndReloadAssembly (1503ms)
			LoadAssemblies (423ms)
			RebuildTransferFunctionScriptingTraits (0ms)
			SetupTypeCache (465ms)
				TypeCache.Initialize (457ms)
					TypeCache.ScanAssembly (449ms)
				ResolveRequiredComponents (8ms)
			ReleaseScriptCaches (2ms)
			RebuildScriptCaches (63ms)
			SetupLoadedEditorAssemblies (654ms)
				LogAssemblyErrors (0ms)
				InitializePlatformSupportModulesInManaged (37ms)
				SetLoadedEditorAssemblies (11ms)
				RefreshPlugins (2ms)
				BeforeProcessingInitializeOnLoad (129ms)
				ProcessInitializeOnLoadAttributes (411ms)
				ProcessInitializeOnLoadMethodAttributes (50ms)
				AfterProcessingInitializeOnLoad (15ms)
				EditorAssembliesLoaded (0ms)
			ExecutionOrderSort2 (0ms)
			AwakeInstancesAfterBackupRestoration (9ms)
Platform modules already initialized, skipping
Refreshing native plugins compatible for Editor in 13.28 ms, found 3 plugins.
Preloading 0 native plugins for Editor in 0.00 ms.
Unloading 3951 Unused Serialized files (Serialized files now loaded: 0)
Unloading 49 unused Assets / (33.6 KB). Loaded Objects now: 4422.
Memory consumption went from 0.60 GB to 0.60 GB.
Total: 5.513800 ms (FindLiveObjects: 0.524900 ms CreateObjectMapping: 0.302000 ms MarkObjects: 4.621900 ms  DeleteObjects: 0.063300 ms)

AssetImportParameters requested are different than current active one (requested -> active):
  custom:video-decoder-ogg-theora: a1e56fd34408186e4bbccfd4996cb3dc -> 
  custom:container-muxer-webm: aa71ff27fc2769a1b78a27578f13a17b -> 
  custom:container-demuxer-webm: 4f35f7cbe854078d1ac9338744f61a02 -> 
  custom:video-encoder-webm-vp8: eb34c28f22e8b96e1ab97ce403110664 -> 
  custom:audio-encoder-webm-vorbis: bf7c407c2cedff20999df2af8eb42d56 -> 
  custom:framework-win-MediaFoundation: 216162199b28c13a410421893ffa2e32 -> 
  custom:container-demuxer-ogg: 62fdf1f143b41e24485cea50d1cbac27 -> 
  custom:video-decoder-webm-vp8: 9c59270c3fd7afecdb556c50c9e8de78 -> 
  custom:audio-decoder-ogg-vorbis: bf7c407c2cedff20999df2af8eb42d56 -> 
========================================================================
Received Prepare
Registering precompiled user dll's ...
Registered in 0.026670 seconds.
Begin MonoManager ReloadAssembly
Symbol file LoadedFromMemory doesn't match image D:\Users\lap.h\Documents\GitHub\Lap-s-Project-for-semester-2--2nd-years-indie\MonstaTds\Library\PackageCache\com.unity.visualscripting@1.7.8\Editor\VisualScripting.Core\Dependencies\DotNetZip\Unity.VisualScripting.IonicZip.dll
Symbol file LoadedFromMemory doesn't match image D:\Users\lap.h\Documents\GitHub\Lap-s-Project-for-semester-2--2nd-years-indie\MonstaTds\Library\PackageCache\com.unity.visualscripting@1.7.8\Editor\VisualScripting.Core\Dependencies\YamlDotNet\Unity.VisualScripting.YamlDotNet.dll
Native extension for WindowsStandalone target not found
Native extension for Android target not found
Refreshing native plugins compatible for Editor in 1.66 ms, found 3 plugins.
Preloading 0 native plugins for Editor in 0.00 ms.
Mono: successfully reloaded assembly
[Package Manager] Server::EnsureServerProcessIsRunning -- launch failed, reason: Unity was launched with the -noUpm command-line argument
[Package Manager] UpmClient::Send -- Unable to send message (not connected to UPM process).
[Package Manager] Cannot connect to Unity Package Manager local server
- Completed reload, in  2.179 seconds
Domain Reload Profiling:
	ReloadAssembly (2180ms)
		BeginReloadAssembly (442ms)
			ExecutionOrderSort (0ms)
			DisableScriptedObjects (7ms)
			BackupInstance (0ms)
			ReleaseScriptingObjects (0ms)
			CreateAndSetChildDomain (75ms)
		EndReloadAssembly (1557ms)
			LoadAssemblies (450ms)
			RebuildTransferFunctionScriptingTraits (0ms)
			SetupTypeCache (496ms)
				TypeCache.Initialize (488ms)
					TypeCache.ScanAssembly (480ms)
				ResolveRequiredComponents (8ms)
			ReleaseScriptCaches (2ms)
			RebuildScriptCaches (70ms)
			SetupLoadedEditorAssemblies (646ms)
				LogAssemblyErrors (0ms)
				InitializePlatformSupportModulesInManaged (39ms)
				SetLoadedEditorAssemblies (10ms)
				RefreshPlugins (2ms)
				BeforeProcessingInitializeOnLoad (115ms)
				ProcessInitializeOnLoadAttributes (422ms)
				ProcessInitializeOnLoadMethodAttributes (46ms)
				AfterProcessingInitializeOnLoad (12ms)
				EditorAssembliesLoaded (0ms)
			ExecutionOrderSort2 (0ms)
			AwakeInstancesAfterBackupRestoration (15ms)
Platform modules already initialized, skipping
Refreshing native plugins compatible for Editor in 14.30 ms, found 3 plugins.
Preloading 0 native plugins for Editor in 0.00 ms.
Unloading 3951 Unused Serialized files (Serialized files now loaded: 0)
Unloading 49 unused Assets / (33.7 KB). Loaded Objects now: 4425.
Memory consumption went from 0.60 GB to 0.60 GB.
Total: 5.503400 ms (FindLiveObjects: 0.416600 ms CreateObjectMapping: 0.451200 ms MarkObjects: 4.566300 ms  DeleteObjects: 0.067700 ms)

AssetImportParameters requested are different than current active one (requested -> active):
  custom:video-decoder-ogg-theora: a1e56fd34408186e4bbccfd4996cb3dc -> 
  custom:container-muxer-webm: aa71ff27fc2769a1b78a27578f13a17b -> 
  custom:container-demuxer-webm: 4f35f7cbe854078d1ac9338744f61a02 -> 
  custom:video-encoder-webm-vp8: eb34c28f22e8b96e1ab97ce403110664 -> 
  custom:audio-encoder-webm-vorbis: bf7c407c2cedff20999df2af8eb42d56 -> 
  custom:framework-win-MediaFoundation: 216162199b28c13a410421893ffa2e32 -> 
  custom:container-demuxer-ogg: 62fdf1f143b41e24485cea50d1cbac27 -> 
  custom:video-decoder-webm-vp8: 9c59270c3fd7afecdb556c50c9e8de78 -> 
  custom:audio-decoder-ogg-vorbis: bf7c407c2cedff20999df2af8eb42d56 -> 
========================================================================
Received Import Request.
  Time since last request: 1820909.736300 seconds.
  path: Assets/Assets/EFFECTs/JMO Assets/Welcome Screen/CFXR.WelcomeScreen.asmdef
  artifactKey: Guid(224eabc8f2d7cc54a8648d26f1a1b5f2) Importer(815301076,1909f56bfc062723c751e8b465ee728b)
Start importing Assets/Assets/EFFECTs/JMO Assets/Welcome Screen/CFXR.WelcomeScreen.asmdef using Guid(224eabc8f2d7cc54a8648d26f1a1b5f2) Importer(815301076,1909f56bfc062723c751e8b465ee728b)  -> (artifact id: 'ad741cbaed8a7037e38da82965daa8ca') in 0.055787 seconds 
========================================================================
Received Import Request.
  Time since last request: 0.000035 seconds.
  path: Assets/Assets/EFFECTs/JMO Assets/Welcome Screen/CFXR_WelcomeScreen_Background.png
  artifactKey: Guid(fed1b64fd853f994c8d504720a0a6d44) Importer(815301076,1909f56bfc062723c751e8b465ee728b)
Start importing Assets/Assets/EFFECTs/JMO Assets/Welcome Screen/CFXR_WelcomeScreen_Background.png using Guid(fed1b64fd853f994c8d504720a0a6d44) Importer(815301076,1909f56bfc062723c751e8b465ee728b)  -> (artifact id: 'fc0562c76e89c4a19a56863c0df6919a') in 0.110795 seconds 
========================================================================
Received Import Request.
  Time since last request: 4.235947 seconds.
  path: Assets/Scenes/Based.unity
  artifactKey: Guid(767e5060908b32a4e94553fcf7b7cc84) Importer(815301076,1909f56bfc062723c751e8b465ee728b)
Start importing Assets/Scenes/Based.unity using Guid(767e5060908b32a4e94553fcf7b7cc84) Importer(815301076,1909f56bfc062723c751e8b465ee728b)  -> (artifact id: '3d13aa11e08369b8a167950d837f5de9') in 0.010112 seconds 
========================================================================
Received Prepare
Registering precompiled user dll's ...
Registered in 0.042166 seconds.
Begin MonoManager ReloadAssembly
Symbol file LoadedFromMemory doesn't match image D:\Users\lap.h\Documents\GitHub\Lap-s-Project-for-semester-2--2nd-years-indie\MonstaTds\Library\PackageCache\com.unity.visualscripting@1.7.8\Editor\VisualScripting.Core\Dependencies\DotNetZip\Unity.VisualScripting.IonicZip.dll
Symbol file LoadedFromMemory doesn't match image D:\Users\lap.h\Documents\GitHub\Lap-s-Project-for-semester-2--2nd-years-indie\MonstaTds\Library\PackageCache\com.unity.visualscripting@1.7.8\Editor\VisualScripting.Core\Dependencies\YamlDotNet\Unity.VisualScripting.YamlDotNet.dll
Native extension for WindowsStandalone target not found
Native extension for Android target not found
Refreshing native plugins compatible for Editor in 1.79 ms, found 3 plugins.
Preloading 0 native plugins for Editor in 0.00 ms.
Mono: successfully reloaded assembly
[Package Manager] Server::EnsureServerProcessIsRunning -- launch failed, reason: Unity was launched with the -noUpm command-line argument
[Package Manager] UpmClient::Send -- Unable to send message (not connected to UPM process).
[Package Manager] Cannot connect to Unity Package Manager local server
- Completed reload, in  2.732 seconds
Domain Reload Profiling:
	ReloadAssembly (2734ms)
		BeginReloadAssembly (588ms)
			ExecutionOrderSort (0ms)
			DisableScriptedObjects (15ms)
			BackupInstance (0ms)
			ReleaseScriptingObjects (0ms)
			CreateAndSetChildDomain (94ms)
		EndReloadAssembly (1910ms)
			LoadAssemblies (588ms)
			RebuildTransferFunctionScriptingTraits (0ms)
			SetupTypeCache (551ms)
				TypeCache.Initialize (544ms)
					TypeCache.ScanAssembly (532ms)
				ResolveRequiredComponents (7ms)
			ReleaseScriptCaches (2ms)
			RebuildScriptCaches (100ms)
			SetupLoadedEditorAssemblies (824ms)
				LogAssemblyErrors (0ms)
				InitializePlatformSupportModulesInManaged (60ms)
				SetLoadedEditorAssemblies (12ms)
				RefreshPlugins (2ms)
				BeforeProcessingInitializeOnLoad (143ms)
				ProcessInitializeOnLoadAttributes (531ms)
				ProcessInitializeOnLoadMethodAttributes (64ms)
				AfterProcessingInitializeOnLoad (12ms)
				EditorAssembliesLoaded (0ms)
			ExecutionOrderSort2 (0ms)
			AwakeInstancesAfterBackupRestoration (7ms)
Platform modules already initialized, skipping
Refreshing native plugins compatible for Editor in 12.30 ms, found 3 plugins.
Preloading 0 native plugins for Editor in 0.00 ms.
Unloading 3950 Unused Serialized files (Serialized files now loaded: 0)
Unloading 49 unused Assets / (26.5 KB). Loaded Objects now: 4431.
Memory consumption went from 0.60 GB to 0.60 GB.
Total: 4.861300 ms (FindLiveObjects: 0.400000 ms CreateObjectMapping: 0.230400 ms MarkObjects: 4.176400 ms  DeleteObjects: 0.052000 ms)

AssetImportParameters requested are different than current active one (requested -> active):
  custom:video-decoder-ogg-theora: a1e56fd34408186e4bbccfd4996cb3dc -> 
  custom:container-muxer-webm: aa71ff27fc2769a1b78a27578f13a17b -> 
  custom:container-demuxer-webm: 4f35f7cbe854078d1ac9338744f61a02 -> 
  custom:video-encoder-webm-vp8: eb34c28f22e8b96e1ab97ce403110664 -> 
  custom:audio-encoder-webm-vorbis: bf7c407c2cedff20999df2af8eb42d56 -> 
  custom:framework-win-MediaFoundation: 216162199b28c13a410421893ffa2e32 -> 
  custom:container-demuxer-ogg: 62fdf1f143b41e24485cea50d1cbac27 -> 
  custom:video-decoder-webm-vp8: 9c59270c3fd7afecdb556c50c9e8de78 -> 
  custom:audio-decoder-ogg-vorbis: bf7c407c2cedff20999df2af8eb42d56 -> 
========================================================================
Received Import Request.
  Time since last request: 293.581683 seconds.
  path: Assets/Assets/EFFECTs/Polygon Arsenal/Prefabs/Combat/Aura/ShieldAura/ShieldAuraRed.prefab
  artifactKey: Guid(44f53485b1604f64a89c89df1e81c578) Importer(815301076,1909f56bfc062723c751e8b465ee728b)
Start importing Assets/Assets/EFFECTs/Polygon Arsenal/Prefabs/Combat/Aura/ShieldAura/ShieldAuraRed.prefab using Guid(44f53485b1604f64a89c89df1e81c578) Importer(815301076,1909f56bfc062723c751e8b465ee728b)  -> (artifact id: '15dd7c6451d4c083916920f52bb0db19') in 0.171132 seconds 
========================================================================
Received Import Request.
  Time since last request: 0.000028 seconds.
  path: Assets/Models/FBX format/towerRound_middleB.fbx
  artifactKey: Guid(32682912e0b8dab46bf636592728b9e0) Importer(815301076,1909f56bfc062723c751e8b465ee728b)
Start importing Assets/Models/FBX format/towerRound_middleB.fbx using Guid(32682912e0b8dab46bf636592728b9e0) Importer(815301076,1909f56bfc062723c751e8b465ee728b)  -> (artifact id: 'c1dae276ac7f16179881e80198fd27dc') in 0.116562 seconds 
========================================================================
Received Import Request.
  Time since last request: 0.000031 seconds.
  path: Assets/Models/FBX format/snow_tile_wideTransition.fbx
  artifactKey: Guid(96aca6148e80db24da0f552602094816) Importer(815301076,1909f56bfc062723c751e8b465ee728b)
Start importing Assets/Models/FBX format/snow_tile_wideTransition.fbx using Guid(96aca6148e80db24da0f552602094816) Importer(815301076,1909f56bfc062723c751e8b465ee728b)  -> (artifact id: '6422194cbf6d23c7f01f9e97012b3225') in 0.072354 seconds 
========================================================================
Received Import Request.
  Time since last request: 0.000041 seconds.
  path: Assets/Assets/EFFECTs/Polygon Arsenal/Models/PolyDagger02.FBX
  artifactKey: Guid(13d335a5c64f18247b7fbc8ef4f9bc59) Importer(815301076,1909f56bfc062723c751e8b465ee728b)
Start importing Assets/Assets/EFFECTs/Polygon Arsenal/Models/PolyDagger02.FBX using Guid(13d335a5c64f18247b7fbc8ef4f9bc59) Importer(815301076,1909f56bfc062723c751e8b465ee728b)  -> (artifact id: '2377aef571cece3bf325bbb8e2fc994c') in 0.038855 seconds 
========================================================================
Received Import Request.
  Time since last request: 0.000025 seconds.
  path: Assets/Models/FBX format/towerSquare_roofA.fbx
  artifactKey: Guid(6884f69f91133164f9b4b0c58879e0fe) Importer(815301076,1909f56bfc062723c751e8b465ee728b)
Start importing Assets/Models/FBX format/towerSquare_roofA.fbx using Guid(6884f69f91133164f9b4b0c58879e0fe) Importer(815301076,1909f56bfc062723c751e8b465ee728b)  -> (artifact id: '6e50bf16d8cc9c3967fd6fce10650a23') in 0.067519 seconds 
========================================================================
Received Import Request.
  Time since last request: 0.000027 seconds.
  path: Assets/Models/FBX format/tile_wideCorner.fbx
  artifactKey: Guid(7622bfc3acbc98245bb37e9f4b330116) Importer(815301076,1909f56bfc062723c751e8b465ee728b)
Start importing Assets/Models/FBX format/tile_wideCorner.fbx using Guid(7622bfc3acbc98245bb37e9f4b330116) Importer(815301076,1909f56bfc062723c751e8b465ee728b)  -> (artifact id: 'da24b3db14b337656a7ee0d770cb4348') in 0.070809 seconds 
========================================================================
Received Import Request.
  Time since last request: 0.000027 seconds.
  path: Assets/Assets/EFFECTs/Polygon Arsenal/Prefabs/Combat/GroundSpikes/Spike/SpikeDark.prefab
  artifactKey: Guid(7ecfe9a10ddb8744dac441d5097aa512) Importer(815301076,1909f56bfc062723c751e8b465ee728b)
Start importing Assets/Assets/EFFECTs/Polygon Arsenal/Prefabs/Combat/GroundSpikes/Spike/SpikeDark.prefab using Guid(7ecfe9a10ddb8744dac441d5097aa512) Importer(815301076,1909f56bfc062723c751e8b465ee728b)  -> (artifact id: 'faee97e8dba3e8c497b23898cf06febc') in 0.322798 seconds 
========================================================================
Received Import Request.
  Time since last request: 0.000034 seconds.
  path: Assets/Assets/EFFECTs/Polygon Arsenal/Demo/Postprocessing/Poly Standard RP (2.3.0).asset
  artifactKey: Guid(eecc8b228fdf9ae449ba47662d1c9156) Importer(815301076,1909f56bfc062723c751e8b465ee728b)
Start importing Assets/Assets/EFFECTs/Polygon Arsenal/Demo/Postprocessing/Poly Standard RP (2.3.0).asset using Guid(eecc8b228fdf9ae449ba47662d1c9156) Importer(815301076,1909f56bfc062723c751e8b465ee728b)  -> (artifact id: '885f8291b2dddf908ae6da745d1ff15e') in 0.011570 seconds 
========================================================================
Received Import Request.
  Time since last request: 0.000038 seconds.
  path: Assets/Assets/EFFECTs/Polygon Arsenal/Models/PolyCapsuleCentered.FBX
  artifactKey: Guid(a0a1c331792d03a409345c40e19b7612) Importer(815301076,1909f56bfc062723c751e8b465ee728b)
Start importing Assets/Assets/EFFECTs/Polygon Arsenal/Models/PolyCapsuleCentered.FBX using Guid(a0a1c331792d03a409345c40e19b7612) Importer(815301076,1909f56bfc062723c751e8b465ee728b)  -> (artifact id: '76975fec78c98dbbad5a75c64ef2cca6') in 0.030697 seconds 
========================================================================
Received Import Request.
  Time since last request: 0.000027 seconds.
  path: Assets/Assets/EFFECTs/Polygon Arsenal/Materials/Gradients/PolySpriteGlowDark_M.mat
  artifactKey: Guid(d89f2a05eba30f94eb2ddf7506b6146c) Importer(815301076,1909f56bfc062723c751e8b465ee728b)
Start importing Assets/Assets/EFFECTs/Polygon Arsenal/Materials/Gradients/PolySpriteGlowDark_M.mat using Guid(d89f2a05eba30f94eb2ddf7506b6146c) Importer(815301076,1909f56bfc062723c751e8b465ee728b)  -> (artifact id: '6480965c83490cb605de25e9e2a4d8bb') in 0.028720 seconds 
========================================================================
Received Import Request.
  Time since last request: 0.000027 seconds.
  path: Assets/Models/FBX format/towerRound_sampleE.fbx
  artifactKey: Guid(d7b7ee9b54277ca4fa30df274daf904a) Importer(815301076,1909f56bfc062723c751e8b465ee728b)
Start importing Assets/Models/FBX format/towerRound_sampleE.fbx using Guid(d7b7ee9b54277ca4fa30df274daf904a) Importer(815301076,1909f56bfc062723c751e8b465ee728b)  -> (artifact id: '6b3898d88d5aa33a43aca54e0d7c9ade') in 0.062798 seconds 
========================================================================
Received Import Request.
  Time since last request: 0.000027 seconds.
  path: Assets/Assets/EFFECTs/Polygon Arsenal/Prefabs/Combat/Aura/DamageAura/DamageAuraLightningPurple.prefab
  artifactKey: Guid(320ca7227635a0c42a0f550897c4c0a7) Importer(815301076,1909f56bfc062723c751e8b465ee728b)
Start importing Assets/Assets/EFFECTs/Polygon Arsenal/Prefabs/Combat/Aura/DamageAura/DamageAuraLightningPurple.prefab using Guid(320ca7227635a0c42a0f550897c4c0a7) Importer(815301076,1909f56bfc062723c751e8b465ee728b)  -> (artifact id: 'f2dbe44c67c628651711df3cc8ab93ba') in 0.026336 seconds 
========================================================================
Received Import Request.
  Time since last request: 0.000027 seconds.
  path: Assets/Models/FBX format/snow_tile_transition.fbx
  artifactKey: Guid(9e6b4e42a91bf234e898d8013955a1c2) Importer(815301076,1909f56bfc062723c751e8b465ee728b)
Start importing Assets/Models/FBX format/snow_tile_transition.fbx using Guid(9e6b4e42a91bf234e898d8013955a1c2) Importer(815301076,1909f56bfc062723c751e8b465ee728b)  -> (artifact id: '168b506a903ba0d6e03372ec4cbe08b5') in 0.067210 seconds 
========================================================================
Received Import Request.
  Time since last request: 0.000027 seconds.
  path: Assets/Models/FBX format/towerSquare_topC.fbx
  artifactKey: Guid(d3ab84d7d9b1b2443861efab849da8b5) Importer(815301076,1909f56bfc062723c751e8b465ee728b)
Start importing Assets/Models/FBX format/towerSquare_topC.fbx using Guid(d3ab84d7d9b1b2443861efab849da8b5) Importer(815301076,1909f56bfc062723c751e8b465ee728b)  -> (artifact id: '0e94a8d20aeaf43154220ea46b415101') in 0.050477 seconds 
========================================================================
Received Import Request.
  Time since last request: 0.000040 seconds.
  path: Assets/Assets/EFFECTs/JMO Assets/Cartoon FX (legacy)/Materials/Water/CFX4_BubbleSubtle AddA8.mat
  artifactKey: Guid(ae4bd2bfbe5feee409f42cd62343a844) Importer(815301076,1909f56bfc062723c751e8b465ee728b)
Start importing Assets/Assets/EFFECTs/JMO Assets/Cartoon FX (legacy)/Materials/Water/CFX4_BubbleSubtle AddA8.mat using Guid(ae4bd2bfbe5feee409f42cd62343a844) Importer(815301076,1909f56bfc062723c751e8b465ee728b)  -> (artifact id: '05df1f616f0d918885fe073bf9789b71') in 0.031795 seconds 
========================================================================
Received Import Request.
  Time since last request: 0.000030 seconds.
  path: Assets/Assets/EFFECTs/Polygon Arsenal/Prefabs/Combat/Muzzleflash/Standard/SniperMuzzleStandard.prefab
  artifactKey: Guid(614a1299320505446ad486c102354cf2) Importer(815301076,1909f56bfc062723c751e8b465ee728b)
Start importing Assets/Assets/EFFECTs/Polygon Arsenal/Prefabs/Combat/Muzzleflash/Standard/SniperMuzzleStandard.prefab using Guid(614a1299320505446ad486c102354cf2) Importer(815301076,1909f56bfc062723c751e8b465ee728b)  -> (artifact id: '94bbc9299a6c4fdbff70a9731ec00803') in 0.274547 seconds 
========================================================================
Received Import Request.
  Time since last request: 0.000033 seconds.
  path: Assets/Assets/EFFECTs/Polygon Arsenal/Sound/Wav/poly_explosion_dark.wav
  artifactKey: Guid(0ff5352034593c4498bc5d5210e3abd7) Importer(815301076,1909f56bfc062723c751e8b465ee728b)
Start importing Assets/Assets/EFFECTs/Polygon Arsenal/Sound/Wav/poly_explosion_dark.wav using Guid(0ff5352034593c4498bc5d5210e3abd7) Importer(815301076,1909f56bfc062723c751e8b465ee728b)  -> (artifact id: 'd1f74044efb74df0dacf11d398abab60') in 0.094956 seconds 
========================================================================
Received Import Request.
  Time since last request: 0.000038 seconds.
  path: Assets/Models/FBX format/towerRound_sampleF.fbx
  artifactKey: Guid(70726d526433bb24b8643c617409b79c) Importer(815301076,1909f56bfc062723c751e8b465ee728b)
Start importing Assets/Models/FBX format/towerRound_sampleF.fbx using Guid(70726d526433bb24b8643c617409b79c) Importer(815301076,1909f56bfc062723c751e8b465ee728b)  -> (artifact id: 'd276f586239a5b61ee4241b14e0c7758') in 0.060445 seconds 
========================================================================
Received Import Request.
  Time since last request: 0.000027 seconds.
  path: Assets/Assets/EFFECTs/Polygon Arsenal/Prefabs/Combat/Muzzleflash/Standard/ShotgunMuzzleStandard.prefab
  artifactKey: Guid(7a3c17ee08a50ec488e3aeee1b4ce7a6) Importer(815301076,1909f56bfc062723c751e8b465ee728b)
Start importing Assets/Assets/EFFECTs/Polygon Arsenal/Prefabs/Combat/Muzzleflash/Standard/ShotgunMuzzleStandard.prefab using Guid(7a3c17ee08a50ec488e3aeee1b4ce7a6) Importer(815301076,1909f56bfc062723c751e8b465ee728b)  -> (artifact id: 'a290751634d5403dce46b92ab7b64e6a') in 0.036920 seconds 
========================================================================
Received Import Request.
  Time since last request: 0.000026 seconds.
  path: Assets/Assets/EFFECTs/Polygon Arsenal/Prefabs/Combat/Muzzleflash/Standard/RifleMuzzleStandard.prefab
  artifactKey: Guid(12a91f77ed72e8d4388cd5a419e6e464) Importer(815301076,1909f56bfc062723c751e8b465ee728b)
Start importing Assets/Assets/EFFECTs/Polygon Arsenal/Prefabs/Combat/Muzzleflash/Standard/RifleMuzzleStandard.prefab using Guid(12a91f77ed72e8d4388cd5a419e6e464) Importer(815301076,1909f56bfc062723c751e8b465ee728b)  -> (artifact id: '122bad507f165adc41026c6e34751f1f') in 0.037427 seconds 
========================================================================
Received Import Request.
  Time since last request: 0.000025 seconds.
  path: Assets/Assets/EFFECTs/Polygon Arsenal/Prefabs/Interactive/Trails/AirTrails/DarkSmokeTrail.prefab
  artifactKey: Guid(5fda0d58e11b9c645ba05883733c1b01) Importer(815301076,1909f56bfc062723c751e8b465ee728b)
Start importing Assets/Assets/EFFECTs/Polygon Arsenal/Prefabs/Interactive/Trails/AirTrails/DarkSmokeTrail.prefab using Guid(5fda0d58e11b9c645ba05883733c1b01) Importer(815301076,1909f56bfc062723c751e8b465ee728b)  -> (artifact id: '8020e0ba7ee73d05bc00354ebb77a46c') in 0.030711 seconds 
========================================================================
Received Import Request.
  Time since last request: 0.000035 seconds.
  path: Assets/Assets/EFFECTs/Polygon Arsenal/Prefabs/Environment/Smoke/Rising/SmokestackDark.prefab
  artifactKey: Guid(627300b803fbd6d4e954ccdf41c7d01d) Importer(815301076,1909f56bfc062723c751e8b465ee728b)
Start importing Assets/Assets/EFFECTs/Polygon Arsenal/Prefabs/Environment/Smoke/Rising/SmokestackDark.prefab using Guid(627300b803fbd6d4e954ccdf41c7d01d) Importer(815301076,1909f56bfc062723c751e8b465ee728b)  -> (artifact id: '3ef336df7a55de2e2ee0180b13de64b0') in 0.030700 seconds 
========================================================================
Received Import Request.
  Time since last request: 0.000047 seconds.
  path: Assets/Models/FBX format/tile_cornerLarge.fbx
  artifactKey: Guid(a0f2e54b7c869594dbbd68ac75488917) Importer(815301076,1909f56bfc062723c751e8b465ee728b)
Start importing Assets/Models/FBX format/tile_cornerLarge.fbx using Guid(a0f2e54b7c869594dbbd68ac75488917) Importer(815301076,1909f56bfc062723c751e8b465ee728b)  -> (artifact id: '4d7b7c3b6a64143374a35682d957de29') in 0.109078 seconds 
========================================================================
Received Import Request.
  Time since last request: 0.000032 seconds.
  path: Assets/Assets/EFFECTs/Polygon Arsenal/Models/PolygonPowerupShield.FBX
  artifactKey: Guid(6de0417d84e7b004db286f8cf83bf9da) Importer(815301076,1909f56bfc062723c751e8b465ee728b)
Start importing Assets/Assets/EFFECTs/Polygon Arsenal/Models/PolygonPowerupShield.FBX using Guid(6de0417d84e7b004db286f8cf83bf9da) Importer(815301076,1909f56bfc062723c751e8b465ee728b)  -> (artifact id: 'e5e5dfe4a1a9b1cc837a66d40d18c559') in 0.034679 seconds 
========================================================================
Received Import Request.
  Time since last request: 0.000029 seconds.
  path: Assets/Models/FBX format/towerSquare_middleB.fbx
  artifactKey: Guid(5ae28e6eba8726c438f72c936f4837d4) Importer(815301076,1909f56bfc062723c751e8b465ee728b)
Start importing Assets/Models/FBX format/towerSquare_middleB.fbx using Guid(5ae28e6eba8726c438f72c936f4837d4) Importer(815301076,1909f56bfc062723c751e8b465ee728b)  -> (artifact id: '159ccc64a742fa3cad3a13f2f745f8f0') in 0.063004 seconds 
========================================================================
Received Import Request.
  Time since last request: 0.000029 seconds.
  path: Assets/Assets/EFFECTs/Polygon Arsenal/Prefabs/Combat/Aura/ShieldAura/ShieldAuraPurple.prefab
  artifactKey: Guid(c8d5401f73e27b548aec1e31852cea39) Importer(815301076,1909f56bfc062723c751e8b465ee728b)
Start importing Assets/Assets/EFFECTs/Polygon Arsenal/Prefabs/Combat/Aura/ShieldAura/ShieldAuraPurple.prefab using Guid(c8d5401f73e27b548aec1e31852cea39) Importer(815301076,1909f56bfc062723c751e8b465ee728b)  -> (artifact id: '5ccf49debf1dc12bb482fb4e547aea2f') in 0.033819 seconds 
========================================================================
Received Import Request.
  Time since last request: 0.000045 seconds.
  path: Assets/Models/FBX format/weapon_blaster.fbx
  artifactKey: Guid(7885b9652c5312a4aa116516013e4849) Importer(815301076,1909f56bfc062723c751e8b465ee728b)
Start importing Assets/Models/FBX format/weapon_blaster.fbx using Guid(7885b9652c5312a4aa116516013e4849) Importer(815301076,1909f56bfc062723c751e8b465ee728b)  -> (artifact id: 'f1ba042830e9297136e5cf764d66f1da') in 0.062023 seconds 
========================================================================
Received Import Request.
  Time since last request: 0.000027 seconds.
  path: Assets/Assets/EFFECTs/Polygon Arsenal/Prefabs/Combat/GroundSpikes/SpikeCleaveFast/CleaveDarkFast.prefab
  artifactKey: Guid(e033173423e5e804ebd2375e01c53907) Importer(815301076,1909f56bfc062723c751e8b465ee728b)
Start importing Assets/Assets/EFFECTs/Polygon Arsenal/Prefabs/Combat/GroundSpikes/SpikeCleaveFast/CleaveDarkFast.prefab using Guid(e033173423e5e804ebd2375e01c53907) Importer(815301076,1909f56bfc062723c751e8b465ee728b)  -> (artifact id: '01d6346583339e6271d7150a71a04f13') in 0.036942 seconds 
========================================================================
Received Import Request.
  Time since last request: 0.000033 seconds.
  path: Assets/Assets/EFFECTs/Polygon Arsenal/Prefabs/Environment/Smoke/Explosion/SmokeCircleDark.prefab
  artifactKey: Guid(32b679ac2fa27cb4f921a45940ac0e7c) Importer(815301076,1909f56bfc062723c751e8b465ee728b)
Start importing Assets/Assets/EFFECTs/Polygon Arsenal/Prefabs/Environment/Smoke/Explosion/SmokeCircleDark.prefab using Guid(32b679ac2fa27cb4f921a45940ac0e7c) Importer(815301076,1909f56bfc062723c751e8b465ee728b)  -> (artifact id: 'cc5d2118a49e0cb8dddea59d5245693c') in 0.031109 seconds 
========================================================================
Received Import Request.
  Time since last request: 0.000028 seconds.
  path: Assets/Models/FBX format/tile_wideSplit.fbx
  artifactKey: Guid(6c9feac182f965d4db42ed8cee1e5950) Importer(815301076,1909f56bfc062723c751e8b465ee728b)
Start importing Assets/Models/FBX format/tile_wideSplit.fbx using Guid(6c9feac182f965d4db42ed8cee1e5950) Importer(815301076,1909f56bfc062723c751e8b465ee728b)  -> (artifact id: '1d4b00bcce32ea90608e43f63af2bfed') in 0.056272 seconds 
========================================================================
Received Import Request.
  Time since last request: 0.000031 seconds.
  path: Assets/Models/FBX format/enemy_ufoPurple.fbx
  artifactKey: Guid(dc6dc2d8f604e5a4bb651202bd78991d) Importer(815301076,1909f56bfc062723c751e8b465ee728b)
Start importing Assets/Models/FBX format/enemy_ufoPurple.fbx using Guid(dc6dc2d8f604e5a4bb651202bd78991d) Importer(815301076,1909f56bfc062723c751e8b465ee728b)  -> (artifact id: 'd239af9e0ed9aa8cc77060177283e922') in 0.068145 seconds 
========================================================================
Received Import Request.
  Time since last request: 0.000039 seconds.
  path: Assets/Models/FBX format/towerRound_sampleC.fbx
  artifactKey: Guid(7524bacceadaba148a3659baed67a77b) Importer(815301076,1909f56bfc062723c751e8b465ee728b)
Start importing Assets/Models/FBX format/towerRound_sampleC.fbx using Guid(7524bacceadaba148a3659baed67a77b) Importer(815301076,1909f56bfc062723c751e8b465ee728b)  -> (artifact id: '39478bae0979e7aace520c522e5807f1') in 0.061057 seconds 
========================================================================
Received Import Request.
  Time since last request: 0.000029 seconds.
  path: Assets/Assets/EFFECTs/JMO Assets/Cartoon FX Remaster/CFXR Assets/Misc/cfxr font AmazGoDaBold.png
  artifactKey: Guid(7ab74e659e1f0a34d9cfec21c478fc12) Importer(815301076,1909f56bfc062723c751e8b465ee728b)
Start importing Assets/Assets/EFFECTs/JMO Assets/Cartoon FX Remaster/CFXR Assets/Misc/cfxr font AmazGoDaBold.png using Guid(7ab74e659e1f0a34d9cfec21c478fc12) Importer(815301076,1909f56bfc062723c751e8b465ee728b)  -> (artifact id: 'dce541703e824539a72521077ac21d37') in 0.432881 seconds 
========================================================================
Received Import Request.
  Time since last request: 0.000031 seconds.
  path: Assets/Models/FBX format/enemy_ufoYellowWeapon.fbx
  artifactKey: Guid(62c7ffb3d28406d42b25d32a93286243) Importer(815301076,1909f56bfc062723c751e8b465ee728b)
Start importing Assets/Models/FBX format/enemy_ufoYellowWeapon.fbx using Guid(62c7ffb3d28406d42b25d32a93286243) Importer(815301076,1909f56bfc062723c751e8b465ee728b)  -> (artifact id: 'efc4b137805f7c738264e383c80d39eb') in 0.097576 seconds 
========================================================================
Received Import Request.
  Time since last request: 0.000051 seconds.
  path: Assets/Models/FBX format/snow_tile_wideStraight.fbx
  artifactKey: Guid(925bf8cd09d166b44935cafef4c7e8cb) Importer(815301076,1909f56bfc062723c751e8b465ee728b)
Start importing Assets/Models/FBX format/snow_tile_wideStraight.fbx using Guid(925bf8cd09d166b44935cafef4c7e8cb) Importer(815301076,1909f56bfc062723c751e8b465ee728b)  -> (artifact id: '00f6dbd986c59dc02b6bc34128d411fb') in 0.069214 seconds 
========================================================================
Received Import Request.
  Time since last request: 0.000027 seconds.
  path: Assets/Assets/EFFECTs/Polygon Arsenal/Prefabs/Combat/Explosions/Magic/Crystals/DarkExplosion.prefab
  artifactKey: Guid(e424e07f910ca8a47800c9541f5460ec) Importer(815301076,1909f56bfc062723c751e8b465ee728b)
Start importing Assets/Assets/EFFECTs/Polygon Arsenal/Prefabs/Combat/Explosions/Magic/Crystals/DarkExplosion.prefab using Guid(e424e07f910ca8a47800c9541f5460ec) Importer(815301076,1909f56bfc062723c751e8b465ee728b)  -> (artifact id: '7d942b248abfa992b8a5c7bb5d49d54a') in 0.051765 seconds 
========================================================================
Received Import Request.
  Time since last request: 0.000029 seconds.
  path: Assets/Assets/EFFECTs/Polygon Arsenal/Prefabs/Combat/GroundSpikes/SpikeField/SpikeFieldDark.prefab
  artifactKey: Guid(9b66c575cca07f64281a679630821ddd) Importer(815301076,1909f56bfc062723c751e8b465ee728b)
Start importing Assets/Assets/EFFECTs/Polygon Arsenal/Prefabs/Combat/GroundSpikes/SpikeField/SpikeFieldDark.prefab using Guid(9b66c575cca07f64281a679630821ddd) Importer(815301076,1909f56bfc062723c751e8b465ee728b)  -> (artifact id: '7d16aad57d82345fb93e7c77466ac7b6') in 0.046276 seconds 
========================================================================
Received Import Request.
  Time since last request: 0.000028 seconds.
  path: Assets/Assets/EFFECTs/Polygon Arsenal/Materials/Rimlight/Solid/Crystals/PolyCrystalDark.mat
  artifactKey: Guid(d1d4da0ae32d2d148874d8e1c826359e) Importer(815301076,1909f56bfc062723c751e8b465ee728b)
Start importing Assets/Assets/EFFECTs/Polygon Arsenal/Materials/Rimlight/Solid/Crystals/PolyCrystalDark.mat using Guid(d1d4da0ae32d2d148874d8e1c826359e) Importer(815301076,1909f56bfc062723c751e8b465ee728b)  -> (artifact id: '61a748b201ec3b21ec71bf88d45baf64') in 0.029709 seconds 
========================================================================
Received Import Request.
  Time since last request: 0.000039 seconds.
  path: Assets/Assets/EFFECTs/Polygon Arsenal/Prefabs/Combat/Aura/DamageAura/DamageAuraHoly.prefab
  artifactKey: Guid(6f832c5adbd045a4a8b2e7bc29d3d8a7) Importer(815301076,1909f56bfc062723c751e8b465ee728b)
Start importing Assets/Assets/EFFECTs/Polygon Arsenal/Prefabs/Combat/Aura/DamageAura/DamageAuraHoly.prefab using Guid(6f832c5adbd045a4a8b2e7bc29d3d8a7) Importer(815301076,1909f56bfc062723c751e8b465ee728b)  -> (artifact id: '4a451bc86dcef243f899f683d3f98b8c') in 0.034190 seconds 
========================================================================
Received Import Request.
  Time since last request: 0.000039 seconds.
  path: Assets/Models/FBX format/towerRound_sampleB.fbx
  artifactKey: Guid(479779674f589d54dbb4b48b24f83dee) Importer(815301076,1909f56bfc062723c751e8b465ee728b)
Start importing Assets/Models/FBX format/towerRound_sampleB.fbx using Guid(479779674f589d54dbb4b48b24f83dee) Importer(815301076,1909f56bfc062723c751e8b465ee728b)  -> (artifact id: 'b002b3605612880f77b536e6f68f29fd') in 0.066105 seconds 
========================================================================
Received Import Request.
  Time since last request: 0.000032 seconds.
  path: Assets/Assets/tower-defense-assets/Sprites/StandardTurretIcon.png
  artifactKey: Guid(5bbb25f988ecf6644be4e7f6a9034bf6) Importer(815301076,1909f56bfc062723c751e8b465ee728b)
Start importing Assets/Assets/tower-defense-assets/Sprites/StandardTurretIcon.png using Guid(5bbb25f988ecf6644be4e7f6a9034bf6) Importer(815301076,1909f56bfc062723c751e8b465ee728b)  -> (artifact id: '9daa3f3ec27bd1987ed9b53c4bf88fa1') in 0.029684 seconds 
========================================================================
Received Import Request.
  Time since last request: 0.000034 seconds.
  path: Assets/Models/FBX format/towerSquare_bottomB.fbx
  artifactKey: Guid(d469550f058800044b9cec1b4f524e10) Importer(815301076,1909f56bfc062723c751e8b465ee728b)
Start importing Assets/Models/FBX format/towerSquare_bottomB.fbx using Guid(d469550f058800044b9cec1b4f524e10) Importer(815301076,1909f56bfc062723c751e8b465ee728b)  -> (artifact id: '3faead5144d3cf3e933659c750306ed8') in 0.059814 seconds 
========================================================================
Received Import Request.
  Time since last request: 0.000026 seconds.
  path: Assets/Assets/EFFECTs/Polygon Arsenal/Models/PolyDiamond.FBX
  artifactKey: Guid(0191065febb0d584d8bc23b85663a44f) Importer(815301076,1909f56bfc062723c751e8b465ee728b)
Start importing Assets/Assets/EFFECTs/Polygon Arsenal/Models/PolyDiamond.FBX using Guid(0191065febb0d584d8bc23b85663a44f) Importer(815301076,1909f56bfc062723c751e8b465ee728b)  -> (artifact id: 'a075d1022a835a69ff9ca43ddaeef2b5') in 0.031349 seconds 
========================================================================
Received Import Request.
  Time since last request: 0.000032 seconds.
  path: Assets/Assets/EFFECTs/Polygon Arsenal/Prefabs/Environment/Smoke/Explosion/SmokeArcExplosionDark.prefab
  artifactKey: Guid(00c2777adf2c08e4ba817d1f810bedd7) Importer(815301076,1909f56bfc062723c751e8b465ee728b)
Start importing Assets/Assets/EFFECTs/Polygon Arsenal/Prefabs/Environment/Smoke/Explosion/SmokeArcExplosionDark.prefab using Guid(00c2777adf2c08e4ba817d1f810bedd7) Importer(815301076,1909f56bfc062723c751e8b465ee728b)  -> (artifact id: '6e6ade9b77e3845d6c357377148cdd7c') in 0.036706 seconds 
========================================================================
Received Import Request.
  Time since last request: 0.000041 seconds.
  path: Assets/Models/FBX format/towerSquare_middleC.fbx
  artifactKey: Guid(b60dffcd36fbf0f468eabb67a43a8147) Importer(815301076,1909f56bfc062723c751e8b465ee728b)
Start importing Assets/Models/FBX format/towerSquare_middleC.fbx using Guid(b60dffcd36fbf0f468eabb67a43a8147) Importer(815301076,1909f56bfc062723c751e8b465ee728b)  -> (artifact id: 'ce65d12340fa98dc602415f1ccb70ee8') in 0.060883 seconds 
========================================================================
Received Import Request.
  Time since last request: 0.000028 seconds.
  path: Assets/Assets/EFFECTs/Polygon Arsenal/Prefabs/Combat/Aura/DamageAura/DamageAuraLightningBlue.prefab
  artifactKey: Guid(7946c70af3b048440a5e52d114f76cd3) Importer(815301076,1909f56bfc062723c751e8b465ee728b)
Start importing Assets/Assets/EFFECTs/Polygon Arsenal/Prefabs/Combat/Aura/DamageAura/DamageAuraLightningBlue.prefab using Guid(7946c70af3b048440a5e52d114f76cd3) Importer(815301076,1909f56bfc062723c751e8b465ee728b)  -> (artifact id: '8dcdf33fb3c762ac6d88989130cc2b74') in 0.031186 seconds 
========================================================================
Received Import Request.
  Time since last request: 0.000030 seconds.
  path: Assets/Assets/EFFECTs/JMO Assets/Cartoon FX (legacy)/Materials/Water/CFX4_Foam AddA8.mat
  artifactKey: Guid(14526eb0dd765e145bfbb4c0755525e4) Importer(815301076,1909f56bfc062723c751e8b465ee728b)
Start importing Assets/Assets/EFFECTs/JMO Assets/Cartoon FX (legacy)/Materials/Water/CFX4_Foam AddA8.mat using Guid(14526eb0dd765e145bfbb4c0755525e4) Importer(815301076,1909f56bfc062723c751e8b465ee728b)  -> (artifact id: '11f2ca71afbe6303cce0a0586851e912') in 0.030586 seconds 
========================================================================
Received Import Request.
  Time since last request: 0.000026 seconds.
  path: Assets/Models/FBX format/tile_endRound.fbx
  artifactKey: Guid(b15d44b77a359c54985dd29bf5bd0a17) Importer(815301076,1909f56bfc062723c751e8b465ee728b)
Start importing Assets/Models/FBX format/tile_endRound.fbx using Guid(b15d44b77a359c54985dd29bf5bd0a17) Importer(815301076,1909f56bfc062723c751e8b465ee728b)  -> (artifact id: '99cc21e3f470cc540c33f094133e3377') in 0.061340 seconds 
========================================================================
Received Import Request.
  Time since last request: 0.000030 seconds.
  path: Assets/Models/FBX format/snow_tile_split.fbx
  artifactKey: Guid(31696c41f0bf07a49b2eca481e687566) Importer(815301076,1909f56bfc062723c751e8b465ee728b)
Start importing Assets/Models/FBX format/snow_tile_split.fbx using Guid(31696c41f0bf07a49b2eca481e687566) Importer(815301076,1909f56bfc062723c751e8b465ee728b)  -> (artifact id: '8f189669ac5362c103c1e6f4b1fada41') in 0.064891 seconds 
========================================================================
Received Import Request.
  Time since last request: 0.000050 seconds.
  path: Assets/Assets/EFFECTs/Polygon Arsenal/Prefabs/Combat/Missiles/Magic/Crystal/DarkMissile.prefab
  artifactKey: Guid(0a7e25547de88d54fb21f3049a78cb73) Importer(815301076,1909f56bfc062723c751e8b465ee728b)
Start importing Assets/Assets/EFFECTs/Polygon Arsenal/Prefabs/Combat/Missiles/Magic/Crystal/DarkMissile.prefab using Guid(0a7e25547de88d54fb21f3049a78cb73) Importer(815301076,1909f56bfc062723c751e8b465ee728b)  -> (artifact id: '526880b915b56900c19ac9e16a2cdd50') in 0.042999 seconds 
========================================================================
Received Import Request.
  Time since last request: 0.000027 seconds.
  path: Assets/Assets/EFFECTs/Polygon Arsenal/Models/PolyDagger.FBX
  artifactKey: Guid(6a50cde6f8854394aacfbb2ccaa6a384) Importer(815301076,1909f56bfc062723c751e8b465ee728b)
Start importing Assets/Assets/EFFECTs/Polygon Arsenal/Models/PolyDagger.FBX using Guid(6a50cde6f8854394aacfbb2ccaa6a384) Importer(815301076,1909f56bfc062723c751e8b465ee728b)  -> (artifact id: '6b3bbfbeb66e0025493ff3334a3c467f') in 0.033301 seconds 
========================================================================
Received Import Request.
  Time since last request: 0.000029 seconds.
  path: Assets/Assets/EFFECTs/Polygon Arsenal/Prefabs/Combat/Explosions/Standard/RifleExplosionStandard.prefab
  artifactKey: Guid(4e73861a7eabca04183b1fe2547fb1aa) Importer(815301076,1909f56bfc062723c751e8b465ee728b)
Start importing Assets/Assets/EFFECTs/Polygon Arsenal/Prefabs/Combat/Explosions/Standard/RifleExplosionStandard.prefab using Guid(4e73861a7eabca04183b1fe2547fb1aa) Importer(815301076,1909f56bfc062723c751e8b465ee728b)  -> (artifact id: 'e45136fe42b3a43707dcfc5a74ebaf27') in 0.044185 seconds 
========================================================================
Received Import Request.
  Time since last request: 0.000031 seconds.
  path: Assets/Models/FBX format/snow_tile_straightHillLarge.fbx
  artifactKey: Guid(150edad7334a86548a5330995fc276ef) Importer(815301076,1909f56bfc062723c751e8b465ee728b)
Start importing Assets/Models/FBX format/snow_tile_straightHillLarge.fbx using Guid(150edad7334a86548a5330995fc276ef) Importer(815301076,1909f56bfc062723c751e8b465ee728b)  -> (artifact id: '2785e5b52e64d6e0df79792376795915') in 0.063566 seconds 
========================================================================
Received Import Request.
  Time since last request: 0.000031 seconds.
  path: Assets/Models/FBX format/weapon_cannon.fbx
  artifactKey: Guid(e3370c33c5812374b9ef5b4b639d36fc) Importer(815301076,1909f56bfc062723c751e8b465ee728b)
Start importing Assets/Models/FBX format/weapon_cannon.fbx using Guid(e3370c33c5812374b9ef5b4b639d36fc) Importer(815301076,1909f56bfc062723c751e8b465ee728b)  -> (artifact id: '08a104bde85b0e0d83e5eee0644781c1') in 0.078287 seconds 
========================================================================
Received Import Request.
  Time since last request: 0.000040 seconds.
  path: Assets/Assets/EFFECTs/Polygon Arsenal/Models/PolygonPowerupSpeed.FBX
  artifactKey: Guid(e367f2c4af749334ea2500ab4d843ef7) Importer(815301076,1909f56bfc062723c751e8b465ee728b)
Start importing Assets/Assets/EFFECTs/Polygon Arsenal/Models/PolygonPowerupSpeed.FBX using Guid(e367f2c4af749334ea2500ab4d843ef7) Importer(815301076,1909f56bfc062723c751e8b465ee728b)  -> (artifact id: '86f17f1e90eb3ec05fc873d28243649e') in 0.037213 seconds 
========================================================================
Received Import Request.
  Time since last request: 0.000029 seconds.
  path: Assets/Models/FBX format/tile_straightHillLarge.fbx
  artifactKey: Guid(29567dc5074632c43b4d4d0e6a53543f) Importer(815301076,1909f56bfc062723c751e8b465ee728b)
Start importing Assets/Models/FBX format/tile_straightHillLarge.fbx using Guid(29567dc5074632c43b4d4d0e6a53543f) Importer(815301076,1909f56bfc062723c751e8b465ee728b)  -> (artifact id: '3da412c92725b33b1d85ff2b20cab7a9') in 0.063400 seconds 
========================================================================
Received Import Request.
  Time since last request: 0.000029 seconds.
  path: Assets/Models/FBX format/snow_tile_endRoundSpawn.fbx
  artifactKey: Guid(84fe872bf0098e240bb062e6a4adbf3c) Importer(815301076,1909f56bfc062723c751e8b465ee728b)
Start importing Assets/Models/FBX format/snow_tile_endRoundSpawn.fbx using Guid(84fe872bf0098e240bb062e6a4adbf3c) Importer(815301076,1909f56bfc062723c751e8b465ee728b)  -> (artifact id: 'c34a1f8d22e77c1db283d656f82b6dd0') in 0.083737 seconds 
========================================================================
Received Import Request.
  Time since last request: 0.000031 seconds.
  path: Assets/Assets/EFFECTs/Polygon Arsenal/Sound/Prefabs/Missile/PolyLiquidAcidMissileSND.prefab
  artifactKey: Guid(438f30aa822c78746a6f3a05180fb41e) Importer(815301076,1909f56bfc062723c751e8b465ee728b)
Start importing Assets/Assets/EFFECTs/Polygon Arsenal/Sound/Prefabs/Missile/PolyLiquidAcidMissileSND.prefab using Guid(438f30aa822c78746a6f3a05180fb41e) Importer(815301076,1909f56bfc062723c751e8b465ee728b)  -> (artifact id: 'f248cd38b1d4aaccb7954a4589655de4') in 0.018547 seconds 
========================================================================
Received Import Request.
  Time since last request: 0.000032 seconds.
  path: Assets/Assets/EFFECTs/Polygon Arsenal/Sound/Wav/poly_explosion_dark01.wav
  artifactKey: Guid(23a49aa9152038347950a61882be798a) Importer(815301076,1909f56bfc062723c751e8b465ee728b)
Start importing Assets/Assets/EFFECTs/Polygon Arsenal/Sound/Wav/poly_explosion_dark01.wav using Guid(23a49aa9152038347950a61882be798a) Importer(815301076,1909f56bfc062723c751e8b465ee728b)  -> (artifact id: '61b4ef52e7aa3c8f2c6404b6d42fac1a') in 0.028374 seconds 
========================================================================
Received Import Request.
  Time since last request: 0.000040 seconds.
  path: Assets/Assets/EFFECTs/Polygon Arsenal/Prefabs/Combat/Aura/ShieldAura/ShieldAuraPink.prefab
  artifactKey: Guid(6eeadd92bac2e35459964ca353fbda83) Importer(815301076,1909f56bfc062723c751e8b465ee728b)
Start importing Assets/Assets/EFFECTs/Polygon Arsenal/Prefabs/Combat/Aura/ShieldAura/ShieldAuraPink.prefab using Guid(6eeadd92bac2e35459964ca353fbda83) Importer(815301076,1909f56bfc062723c751e8b465ee728b)  -> (artifact id: '120143a2a2df3fbf26c50cb8dd5aa265') in 0.039975 seconds 
========================================================================
Received Import Request.
  Time since last request: 0.000030 seconds.
  path: Assets/Assets/EFFECTs/Polygon Arsenal/Prefabs/Combat/Explosions/Standard/SniperExplosionStandard.prefab
  artifactKey: Guid(d77692a268abd2f43a469fe329485901) Importer(815301076,1909f56bfc062723c751e8b465ee728b)
Start importing Assets/Assets/EFFECTs/Polygon Arsenal/Prefabs/Combat/Explosions/Standard/SniperExplosionStandard.prefab using Guid(d77692a268abd2f43a469fe329485901) Importer(815301076,1909f56bfc062723c751e8b465ee728b)  -> (artifact id: 'be5d3979b83959b541b16536e4a32910') in 0.037726 seconds 
========================================================================
Received Import Request.
  Time since last request: 0.000034 seconds.
  path: Assets/Assets/EFFECTs/Polygon Arsenal/Prefabs/Combat/GroundSpikes/SpikeWall/SpikeWallDark.prefab
  artifactKey: Guid(dfb203dbb425506468f162ef0602af5d) Importer(815301076,1909f56bfc062723c751e8b465ee728b)
Start importing Assets/Assets/EFFECTs/Polygon Arsenal/Prefabs/Combat/GroundSpikes/SpikeWall/SpikeWallDark.prefab using Guid(dfb203dbb425506468f162ef0602af5d) Importer(815301076,1909f56bfc062723c751e8b465ee728b)  -> (artifact id: '1917ab665b17696bcc497c7b83cb3b17') in 0.043290 seconds 
========================================================================
Received Import Request.
  Time since last request: 0.000028 seconds.
  path: Assets/Models/FBX format/towerRound_crystals.fbx
  artifactKey: Guid(89ab9c17c91b2684eaef742fe66fc972) Importer(815301076,1909f56bfc062723c751e8b465ee728b)
Start importing Assets/Models/FBX format/towerRound_crystals.fbx using Guid(89ab9c17c91b2684eaef742fe66fc972) Importer(815301076,1909f56bfc062723c751e8b465ee728b)  -> (artifact id: '4df6b59d653640d04b53cddc080e1a07') in 0.142124 seconds 
========================================================================
Received Import Request.
  Time since last request: 0.000032 seconds.
  path: Assets/Models/FBX format/towerRound_roofA.fbx
  artifactKey: Guid(8eee16e81a3d3cb4eaabb79622e900a0) Importer(815301076,1909f56bfc062723c751e8b465ee728b)
Start importing Assets/Models/FBX format/towerRound_roofA.fbx using Guid(8eee16e81a3d3cb4eaabb79622e900a0) Importer(815301076,1909f56bfc062723c751e8b465ee728b)  -> (artifact id: 'a23661038f842c876bcda1d0733f5874') in 0.064907 seconds 
========================================================================
Received Import Request.
  Time since last request: 0.000037 seconds.
  path: Assets/Models/FBX format/towerSquare_topB.fbx
  artifactKey: Guid(025df8249c8df4b4ab33ecffef9e72de) Importer(815301076,1909f56bfc062723c751e8b465ee728b)
Start importing Assets/Models/FBX format/towerSquare_topB.fbx using Guid(025df8249c8df4b4ab33ecffef9e72de) Importer(815301076,1909f56bfc062723c751e8b465ee728b)  -> (artifact id: '9d5d4a59f20cf3085a204c58a3247466') in 0.057681 seconds 
========================================================================
Received Import Request.
  Time since last request: 0.000029 seconds.
  path: Assets/Models/FBX format/snow_tile_cornerLarge.fbx
  artifactKey: Guid(18fb18b2671967944befa17b9e9f5191) Importer(815301076,1909f56bfc062723c751e8b465ee728b)
Start importing Assets/Models/FBX format/snow_tile_cornerLarge.fbx using Guid(18fb18b2671967944befa17b9e9f5191) Importer(815301076,1909f56bfc062723c751e8b465ee728b)  -> (artifact id: '78980977c5774645e84cee75dc3f6a40') in 0.070569 seconds 
========================================================================
Received Import Request.
  Time since last request: 0.000026 seconds.
  path: Assets/Models/FBX format/enemy_ufoPurpleWeapon.fbx
  artifactKey: Guid(b9222c3dfc80ba04c8144f736c3c5179) Importer(815301076,1909f56bfc062723c751e8b465ee728b)
Start importing Assets/Models/FBX format/enemy_ufoPurpleWeapon.fbx using Guid(b9222c3dfc80ba04c8144f736c3c5179) Importer(815301076,1909f56bfc062723c751e8b465ee728b)  -> (artifact id: '96c9fd698fe85dbb95d1c054df50cc68') in 0.075319 seconds 
========================================================================
Received Import Request.
  Time since last request: 0.000031 seconds.
  path: Assets/Models/FBX format/towerSquare_topA.fbx
  artifactKey: Guid(591ef2e52504da042b7e0eed29f89a15) Importer(815301076,1909f56bfc062723c751e8b465ee728b)
Start importing Assets/Models/FBX format/towerSquare_topA.fbx using Guid(591ef2e52504da042b7e0eed29f89a15) Importer(815301076,1909f56bfc062723c751e8b465ee728b)  -> (artifact id: '7246f1c869a3c839f2aa6ce0943b8bba') in 0.059367 seconds 
========================================================================
Received Import Request.
  Time since last request: 0.000036 seconds.
  path: Assets/Models/FBX format/tile_straightHill.fbx
  artifactKey: Guid(7da1ef1475f06ab41bdad40ecc4e3f58) Importer(815301076,1909f56bfc062723c751e8b465ee728b)
Start importing Assets/Models/FBX format/tile_straightHill.fbx using Guid(7da1ef1475f06ab41bdad40ecc4e3f58) Importer(815301076,1909f56bfc062723c751e8b465ee728b)  -> (artifact id: 'd8f1e00649a25fa10b19c186656cf31e') in 0.060716 seconds 
========================================================================
Received Import Request.
  Time since last request: 0.000028 seconds.
  path: Assets/Models/FBX format/towerSquare_sampleE.fbx
  artifactKey: Guid(a64ba163bb83d2947b9d3b29a06170f4) Importer(815301076,1909f56bfc062723c751e8b465ee728b)
Start importing Assets/Models/FBX format/towerSquare_sampleE.fbx using Guid(a64ba163bb83d2947b9d3b29a06170f4) Importer(815301076,1909f56bfc062723c751e8b465ee728b)  -> (artifact id: '622aef553ac75945e2645738aa922766') in 0.060341 seconds 
========================================================================
Received Import Request.
  Time since last request: 0.000029 seconds.
  path: Assets/Assets/EFFECTs/JMO Assets/Cartoon FX Remaster/CFXR Assets/Misc/cfxr ParticleFont AmazGoDaBold.asset
  artifactKey: Guid(6107d49d5744fb24eb855f7abb997756) Importer(815301076,1909f56bfc062723c751e8b465ee728b)
Start importing Assets/Assets/EFFECTs/JMO Assets/Cartoon FX Remaster/CFXR Assets/Misc/cfxr ParticleFont AmazGoDaBold.asset using Guid(6107d49d5744fb24eb855f7abb997756) Importer(815301076,1909f56bfc062723c751e8b465ee728b)  -> (artifact id: 'e4cfa4bc5424e31fd04b15bef60cb87e') in 0.019110 seconds 
========================================================================
Received Import Request.
  Time since last request: 0.000029 seconds.
  path: Assets/Models/FBX format/snow_tile_crossing.fbx
  artifactKey: Guid(98ad465ed82b2b847ba22d8387d2e6a5) Importer(815301076,1909f56bfc062723c751e8b465ee728b)
Start importing Assets/Models/FBX format/snow_tile_crossing.fbx using Guid(98ad465ed82b2b847ba22d8387d2e6a5) Importer(815301076,1909f56bfc062723c751e8b465ee728b)  -> (artifact id: 'a92abd960341c3215338fe37c98ca5e0') in 0.069696 seconds 
========================================================================
Received Import Request.
  Time since last request: 0.000029 seconds.
  path: Assets/Assets/EFFECTs/Polygon Arsenal/Prefabs/Combat/Muzzleflash/Magic/Crystal/DarkMuzzle.prefab
  artifactKey: Guid(a22cf9f410386084195a55ab79f0eb72) Importer(815301076,1909f56bfc062723c751e8b465ee728b)
Start importing Assets/Assets/EFFECTs/Polygon Arsenal/Prefabs/Combat/Muzzleflash/Magic/Crystal/DarkMuzzle.prefab using Guid(a22cf9f410386084195a55ab79f0eb72) Importer(815301076,1909f56bfc062723c751e8b465ee728b)  -> (artifact id: '6bb09dedae5925626beb5daffb97c82e') in 0.042637 seconds 
========================================================================
Received Import Request.
  Time since last request: 0.000042 seconds.
  path: Assets/Models/FBX format/tile_crossing.fbx
  artifactKey: Guid(a23a038e04cb37149bf39f6c4c9da2df) Importer(815301076,1909f56bfc062723c751e8b465ee728b)
Start importing Assets/Models/FBX format/tile_crossing.fbx using Guid(a23a038e04cb37149bf39f6c4c9da2df) Importer(815301076,1909f56bfc062723c751e8b465ee728b)  -> (artifact id: '3fc9fe9b83d6bb37207b4e222dc016d1') in 0.060910 seconds 
========================================================================
Received Import Request.
  Time since last request: 0.000035 seconds.
  path: Assets/Assets/EFFECTs/Polygon Arsenal/Models/PolyGlowTubeCentered.FBX
  artifactKey: Guid(9dbbd281c22224c48a1e0f5c0adf6797) Importer(815301076,1909f56bfc062723c751e8b465ee728b)
Start importing Assets/Assets/EFFECTs/Polygon Arsenal/Models/PolyGlowTubeCentered.FBX using Guid(9dbbd281c22224c48a1e0f5c0adf6797) Importer(815301076,1909f56bfc062723c751e8b465ee728b)  -> (artifact id: '38b8550a54471b6ba623fed9dc35b62a') in 0.034579 seconds 
========================================================================
Received Import Request.
  Time since last request: 0.000026 seconds.
  path: Assets/Models/FBX format/towerRound_base.fbx
  artifactKey: Guid(d953235e100a12344948a26b8daa3189) Importer(815301076,1909f56bfc062723c751e8b465ee728b)
Start importing Assets/Models/FBX format/towerRound_base.fbx using Guid(d953235e100a12344948a26b8daa3189) Importer(815301076,1909f56bfc062723c751e8b465ee728b)  -> (artifact id: '9af4e86be0b1604b625a80e646421aea') in 0.062554 seconds 
========================================================================
Received Import Request.
  Time since last request: 0.000039 seconds.
  path: Assets/Assets/EFFECTs/Polygon Arsenal/Prefabs/Combat/Muzzleflash/Magic/Skull/SkullMuzzleDark.prefab
  artifactKey: Guid(2cd8a588115d37746ba2b224866ad24f) Importer(815301076,1909f56bfc062723c751e8b465ee728b)
Start importing Assets/Assets/EFFECTs/Polygon Arsenal/Prefabs/Combat/Muzzleflash/Magic/Skull/SkullMuzzleDark.prefab using Guid(2cd8a588115d37746ba2b224866ad24f) Importer(815301076,1909f56bfc062723c751e8b465ee728b)  -> (artifact id: 'd4c2348720e28850307496e85af0ae6b') in 0.040239 seconds 
========================================================================
Received Import Request.
  Time since last request: 0.000033 seconds.
  path: Assets/Models/FBX format/snow_tile_wideCorner.fbx
  artifactKey: Guid(874284c00bde36f4a804aba582b89920) Importer(815301076,1909f56bfc062723c751e8b465ee728b)
Start importing Assets/Models/FBX format/snow_tile_wideCorner.fbx using Guid(874284c00bde36f4a804aba582b89920) Importer(815301076,1909f56bfc062723c751e8b465ee728b)  -> (artifact id: '21aeb728641c269196d060307fc712b6') in 0.068359 seconds 
========================================================================
Received Import Request.
  Time since last request: 0.000038 seconds.
  path: Assets/Models/FBX format/snow_tile_spawnRound.fbx
  artifactKey: Guid(3a1c0199f5db74c41ac7bb7b5c1653d4) Importer(815301076,1909f56bfc062723c751e8b465ee728b)
Start importing Assets/Models/FBX format/snow_tile_spawnRound.fbx using Guid(3a1c0199f5db74c41ac7bb7b5c1653d4) Importer(815301076,1909f56bfc062723c751e8b465ee728b)  -> (artifact id: '00153ca2f691d30af8bfa4997a3e6724') in 0.089256 seconds 
========================================================================
Received Import Request.
  Time since last request: 0.000026 seconds.
  path: Assets/Assets/EFFECTs/Polygon Arsenal/Prefabs/Combat/Aura/DamageAura/DamageAuraLife.prefab
  artifactKey: Guid(54f2e74249992c2499ee8f75cdf363a0) Importer(815301076,1909f56bfc062723c751e8b465ee728b)
Start importing Assets/Assets/EFFECTs/Polygon Arsenal/Prefabs/Combat/Aura/DamageAura/DamageAuraLife.prefab using Guid(54f2e74249992c2499ee8f75cdf363a0) Importer(815301076,1909f56bfc062723c751e8b465ee728b)  -> (artifact id: 'd49e490559a61a4ff3d0e6301a58777b') in 0.029576 seconds 
========================================================================
Received Import Request.
  Time since last request: 0.000027 seconds.
  path: Assets/Assets/EFFECTs/Polygon Arsenal/Prefabs/Combat/Aura/DamageAura/DamageAuraWater.prefab
  artifactKey: Guid(68ecabf5a8d314f47beecc8d114a1d5f) Importer(815301076,1909f56bfc062723c751e8b465ee728b)
Start importing Assets/Assets/EFFECTs/Polygon Arsenal/Prefabs/Combat/Aura/DamageAura/DamageAuraWater.prefab using Guid(68ecabf5a8d314f47beecc8d114a1d5f) Importer(815301076,1909f56bfc062723c751e8b465ee728b)  -> (artifact id: '2c59bfe5dd0f987d518d79056d46704d') in 0.031795 seconds 
========================================================================
Received Import Request.
  Time since last request: 0.000025 seconds.
  path: Assets/Assets/EFFECTs/Polygon Arsenal/Prefabs/Combat/Curses & Debuffs/Curse/DarkCurse.prefab
  artifactKey: Guid(a5be7251dfcf5c04d9a8aa14ffe897be) Importer(815301076,1909f56bfc062723c751e8b465ee728b)
Start importing Assets/Assets/EFFECTs/Polygon Arsenal/Prefabs/Combat/Curses & Debuffs/Curse/DarkCurse.prefab using Guid(a5be7251dfcf5c04d9a8aa14ffe897be) Importer(815301076,1909f56bfc062723c751e8b465ee728b)  -> (artifact id: '2c3bc2f6e321028b40f4b39898bd806c') in 0.037475 seconds 
========================================================================
Received Import Request.
  Time since last request: 0.251472 seconds.
  path: Assets/Assets/EFFECTs/JMO Assets/Cartoon FX (legacy)/CFX3 Prefabs/Magic Dark
  artifactKey: Guid(50c9cf1248e2c284b98fd90c552c1a2a) Importer(815301076,1909f56bfc062723c751e8b465ee728b)
Start importing Assets/Assets/EFFECTs/JMO Assets/Cartoon FX (legacy)/CFX3 Prefabs/Magic Dark using Guid(50c9cf1248e2c284b98fd90c552c1a2a) Importer(815301076,1909f56bfc062723c751e8b465ee728b)  -> (artifact id: '87c1aaab919f3f685b80592817d15f3f') in 0.009733 seconds 
========================================================================
Received Prepare
Registering precompiled user dll's ...
Registered in 0.023009 seconds.
Begin MonoManager ReloadAssembly
Symbol file LoadedFromMemory doesn't match image D:\Users\lap.h\Documents\GitHub\Lap-s-Project-for-semester-2--2nd-years-indie\MonstaTds\Library\PackageCache\com.unity.visualscripting@1.7.8\Editor\VisualScripting.Core\Dependencies\DotNetZip\Unity.VisualScripting.IonicZip.dll
Symbol file LoadedFromMemory doesn't match image D:\Users\lap.h\Documents\GitHub\Lap-s-Project-for-semester-2--2nd-years-indie\MonstaTds\Library\PackageCache\com.unity.visualscripting@1.7.8\Editor\VisualScripting.Core\Dependencies\YamlDotNet\Unity.VisualScripting.YamlDotNet.dll
Native extension for WindowsStandalone target not found
Native extension for Android target not found
Refreshing native plugins compatible for Editor in 1.93 ms, found 3 plugins.
Preloading 0 native plugins for Editor in 0.00 ms.
Mono: successfully reloaded assembly
[Package Manager] Server::EnsureServerProcessIsRunning -- launch failed, reason: Unity was launched with the -noUpm command-line argument
[Package Manager] UpmClient::Send -- Unable to send message (not connected to UPM process).
[Package Manager] Cannot connect to Unity Package Manager local server
- Completed reload, in  2.012 seconds
Domain Reload Profiling:
	ReloadAssembly (2014ms)
		BeginReloadAssembly (328ms)
			ExecutionOrderSort (0ms)
			DisableScriptedObjects (7ms)
			BackupInstance (0ms)
			ReleaseScriptingObjects (0ms)
			CreateAndSetChildDomain (64ms)
		EndReloadAssembly (1501ms)
			LoadAssemblies (300ms)
			RebuildTransferFunctionScriptingTraits (0ms)
			SetupTypeCache (464ms)
				TypeCache.Initialize (454ms)
					TypeCache.ScanAssembly (444ms)
				ResolveRequiredComponents (10ms)
			ReleaseScriptCaches (3ms)
			RebuildScriptCaches (72ms)
			SetupLoadedEditorAssemblies (660ms)
				LogAssemblyErrors (0ms)
				InitializePlatformSupportModulesInManaged (36ms)
				SetLoadedEditorAssemblies (11ms)
				RefreshPlugins (2ms)
				BeforeProcessingInitializeOnLoad (127ms)
				ProcessInitializeOnLoadAttributes (421ms)
				ProcessInitializeOnLoadMethodAttributes (48ms)
				AfterProcessingInitializeOnLoad (15ms)
				EditorAssembliesLoaded (0ms)
			ExecutionOrderSort2 (0ms)
			AwakeInstancesAfterBackupRestoration (9ms)
Platform modules already initialized, skipping
Refreshing native plugins compatible for Editor in 12.40 ms, found 3 plugins.
Preloading 0 native plugins for Editor in 0.00 ms.
Unloading 3950 Unused Serialized files (Serialized files now loaded: 0)
Unloading 50 unused Assets / (26.6 KB). Loaded Objects now: 4593.
Memory consumption went from 0.60 GB to 0.60 GB.
Total: 5.810600 ms (FindLiveObjects: 0.418700 ms CreateObjectMapping: 0.238800 ms MarkObjects: 5.062800 ms  DeleteObjects: 0.088900 ms)

AssetImportParameters requested are different than current active one (requested -> active):
  custom:video-decoder-ogg-theora: a1e56fd34408186e4bbccfd4996cb3dc -> 
  custom:container-muxer-webm: aa71ff27fc2769a1b78a27578f13a17b -> 
  custom:container-demuxer-webm: 4f35f7cbe854078d1ac9338744f61a02 -> 
  custom:video-encoder-webm-vp8: eb34c28f22e8b96e1ab97ce403110664 -> 
  custom:audio-encoder-webm-vorbis: bf7c407c2cedff20999df2af8eb42d56 -> 
  custom:framework-win-MediaFoundation: 216162199b28c13a410421893ffa2e32 -> 
  custom:container-demuxer-ogg: 62fdf1f143b41e24485cea50d1cbac27 -> 
  custom:video-decoder-webm-vp8: 9c59270c3fd7afecdb556c50c9e8de78 -> 
  custom:audio-decoder-ogg-vorbis: bf7c407c2cedff20999df2af8eb42d56 -> 
Editor requested this worker to shutdown with reason: Scaling down because of idle timeout
AssetImportWorker is now disconnected from the server
Process exiting
Exiting without the bug reporter. Application will terminate with return code 0